2018-10-27 13:47:36.236  INFO 8816 --- [restartedMain] c.l.m.MybatisplusstudyApplication        : Starting MybatisplusstudyApplication on DESKTOP-T0RAS0O with PID 8816 (E:\SpringBootSpringColud\study\mybatisplusstudy\target\classes started by xiaolin in E:\SpringBootSpringColud\study\mybatisplusstudy)
2018-10-27 13:47:36.255  INFO 8816 --- [restartedMain] c.l.m.MybatisplusstudyApplication        : No active profile set, falling back to default profiles: default
2018-10-27 13:47:36.474  INFO 8816 --- [restartedMain] ConfigServletWebServerApplicationContext : Refreshing org.springframework.boot.web.servlet.context.AnnotationConfigServletWebServerApplicationContext@24dbb003: startup date [Sat Oct 27 13:47:36 CST 2018]; root of context hierarchy
2018-10-27 13:47:37.484  WARN 8816 --- [restartedMain] o.m.s.mapper.ClassPathMapperScanner      : Skipping MapperFactoryBean with name 'itemsMapper' and 'com.lyf.mybatisplusstudy.sys.mapper.ItemsMapper' mapperInterface. Bean already defined with the same name!
2018-10-27 13:47:37.484  WARN 8816 --- [restartedMain] o.m.s.mapper.ClassPathMapperScanner      : Skipping MapperFactoryBean with name 'orderdetailMapper' and 'com.lyf.mybatisplusstudy.sys.mapper.OrderdetailMapper' mapperInterface. Bean already defined with the same name!
2018-10-27 13:47:37.484  WARN 8816 --- [restartedMain] o.m.s.mapper.ClassPathMapperScanner      : Skipping MapperFactoryBean with name 'ordersMapper' and 'com.lyf.mybatisplusstudy.sys.mapper.OrdersMapper' mapperInterface. Bean already defined with the same name!
2018-10-27 13:47:37.484  WARN 8816 --- [restartedMain] o.m.s.mapper.ClassPathMapperScanner      : Skipping MapperFactoryBean with name 'personMapper' and 'com.lyf.mybatisplusstudy.sys.mapper.PersonMapper' mapperInterface. Bean already defined with the same name!
2018-10-27 13:47:37.484  WARN 8816 --- [restartedMain] o.m.s.mapper.ClassPathMapperScanner      : Skipping MapperFactoryBean with name 'studentMapper' and 'com.lyf.mybatisplusstudy.sys.mapper.StudentMapper' mapperInterface. Bean already defined with the same name!
2018-10-27 13:47:37.484  WARN 8816 --- [restartedMain] o.m.s.mapper.ClassPathMapperScanner      : Skipping MapperFactoryBean with name 'TUserMapper' and 'com.lyf.mybatisplusstudy.sys.mapper.TUserMapper' mapperInterface. Bean already defined with the same name!
2018-10-27 13:47:37.484  WARN 8816 --- [restartedMain] o.m.s.mapper.ClassPathMapperScanner      : Skipping MapperFactoryBean with name 'userMapper' and 'com.lyf.mybatisplusstudy.sys.mapper.UserMapper' mapperInterface. Bean already defined with the same name!
2018-10-27 13:47:37.485  WARN 8816 --- [restartedMain] o.m.s.mapper.ClassPathMapperScanner      : No MyBatis mapper was found in '[com.lyf.mybatisplusstudy.sys.mapper]' package. Please check your configuration.
2018-10-27 13:47:39.405  INFO 8816 --- [restartedMain] o.s.b.w.embedded.tomcat.TomcatWebServer  : Tomcat initialized with port(s): 8080 (http)
2018-10-27 13:47:39.448  INFO 8816 --- [restartedMain] o.apache.catalina.core.StandardService   : Starting service [Tomcat]
2018-10-27 13:47:39.448  INFO 8816 --- [restartedMain] org.apache.catalina.core.StandardEngine  : Starting Servlet Engine: Apache Tomcat/8.5.34
2018-10-27 13:47:39.457  INFO 8816 --- [localhost-startStop-1] o.a.catalina.core.AprLifecycleListener   : The APR based Apache Tomcat Native library which allows optimal performance in production environments was not found on the java.library.path: [G:\studaytools\Java\jdk\bin;C:\WINDOWS\Sun\Java\bin;C:\WINDOWS\system32;C:\WINDOWS;C:\ProgramData\Oracle\Java\javapath;C:\Program Files (x86)\Intel\iCLS Client\;C:\Program Files\Intel\iCLS Client\;C:\Windows\system32;C:\Windows;C:\Windows\System32\Wbem;C:\Windows\System32\WindowsPowerShell\v1.0\;C:\Program Files (x86)\NVIDIA Corporation\PhysX\Common;C:\Program Files (x86)\Intel\Intel(R) Management Engine Components\DAL;C:\Program Files\Intel\Intel(R) Management Engine Components\DAL;C:\Program Files (x86)\Intel\Intel(R) Management Engine Components\IPT;C:\Program Files\Intel\Intel(R) Management Engine Components\IPT;G:\studaytools\java7\jdk\bin;G:\studaytools\java7\jre\bin;C:\Program Files\Common Files\Intel\WirelessCommon\;C:\WINDOWS\system32;C:\WINDOWS;C:\WINDOWS\System32\Wbem;C:\WINDOWS\System32\WindowsPowerShell\v1.0\;G:\svn\bin;G:\git\gitgui\bin;C:\Users\xiaolin\.gradle\wrapper\dists\gradle-3.3-all\55gk2rcmfc6p2dg9u9ohc3hw9\gradle-3.3\bin;C:\Users\xiaolin\AppData\Local\Android\Sdk\platform-tools\;G:\studaytools\nodejs\;G:\mysql\bin;G:\studaytools\nodejs\node_global;C:\Program Files\Intel\WiFi\bin\;G:\studaytools\Python27;G:\studaytools\JAVATOOL\mysql\bin;G:\studaytools\JAVATOOL\mysql\workspeace\bin;G:\studaytools\apache-maven-3.5.2\bin;G:\studaytools\groovy\groovy-2.4.13\bin;C:\ProgramData\chocolatey\bin;C:\WINDOWS\System32\OpenSSH\;G:\Redis\;C:\WINDOWS\system32\config\systemprofile\.dnx\bin;C:\Program Files\Microsoft DNX\Dnvm\;C:\Program Files\Microsoft SQL Server\130\Tools\Binn\;C:\Program Files (x86)\Windows Kits\8.1\Windows Performance Toolkit\;G:\studaytools\Clion\MinGW\bin;G:\flutter\flutter\bin;G:\git\Git\bin;C:\Program Files\Intel\WiFi\bin\;C:\Program Files\Common Files\Intel\WirelessCommon\;C:\Users\xiaolin\AppData\Local\Microsoft\WindowsApps;;C:\Users\xiaolin\AppData\Local\Programs\Fiddler;C:\Users\xiaolin\AppData\Roaming\npm;C:\Users\xiaolin\AppData\Local\Microsoft\WindowsApps;C:\Program Files\Intel\WiFi\bin\;C:\Program Files\Common Files\Intel\WirelessCommon\;.]
2018-10-27 13:47:39.576  INFO 8816 --- [localhost-startStop-1] o.a.c.c.C.[Tomcat].[localhost].[/]       : Initializing Spring embedded WebApplicationContext
2018-10-27 13:47:39.577  INFO 8816 --- [localhost-startStop-1] o.s.web.context.ContextLoader            : Root WebApplicationContext: initialization completed in 3103 ms
2018-10-27 13:47:39.776  INFO 8816 --- [localhost-startStop-1] o.s.b.w.servlet.ServletRegistrationBean  : Servlet dispatcherServlet mapped to [/]
2018-10-27 13:47:39.778  INFO 8816 --- [localhost-startStop-1] o.s.b.w.servlet.ServletRegistrationBean  : Servlet statViewServlet mapped to [/druid/*]
2018-10-27 13:47:39.783  INFO 8816 --- [localhost-startStop-1] o.s.b.w.servlet.FilterRegistrationBean   : Mapping filter: 'characterEncodingFilter' to: [/*]
2018-10-27 13:47:39.784  INFO 8816 --- [localhost-startStop-1] o.s.b.w.servlet.FilterRegistrationBean   : Mapping filter: 'hiddenHttpMethodFilter' to: [/*]
2018-10-27 13:47:39.785  INFO 8816 --- [localhost-startStop-1] o.s.b.w.servlet.FilterRegistrationBean   : Mapping filter: 'httpPutFormContentFilter' to: [/*]
2018-10-27 13:47:39.785  INFO 8816 --- [localhost-startStop-1] o.s.b.w.servlet.FilterRegistrationBean   : Mapping filter: 'requestContextFilter' to: [/*]
2018-10-27 13:47:39.785  INFO 8816 --- [localhost-startStop-1] o.s.b.w.servlet.FilterRegistrationBean   : Mapping filter: 'webStatFilter' to urls: [/*]
2018-10-27 13:47:39.932  INFO 8816 --- [restartedMain] c.a.d.s.b.a.DruidDataSourceAutoConfigure : Init DruidDataSource
2018-10-27 13:47:40.110  INFO 8816 --- [restartedMain] com.alibaba.druid.pool.DruidDataSource   : {dataSource-1} inited
2018-10-27 13:47:41.346  WARN 8816 --- [restartedMain] c.b.m.core.toolkit.TableInfoHelper       : Warn: Could not find @TableId in Class: com.lyf.mybatisplusstudy.sys.entity.Student.
2018-10-27 13:47:41.625  INFO 8816 --- [restartedMain] o.s.w.s.handler.SimpleUrlHandlerMapping  : Mapped URL path [/**/favicon.ico] onto handler of type [class org.springframework.web.servlet.resource.ResourceHttpRequestHandler]
2018-10-27 13:47:41.784  INFO 8816 --- [restartedMain] s.w.s.m.m.a.RequestMappingHandlerAdapter : Looking for @ControllerAdvice: org.springframework.boot.web.servlet.context.AnnotationConfigServletWebServerApplicationContext@24dbb003: startup date [Sat Oct 27 13:47:36 CST 2018]; root of context hierarchy
2018-10-27 13:47:41.790  INFO 8816 --- [restartedMain] s.w.s.m.m.a.RequestMappingHandlerAdapter : Detected @InitBinder methods in exceptionHandlerAdvice
2018-10-27 13:47:41.790  INFO 8816 --- [restartedMain] s.w.s.m.m.a.RequestMappingHandlerAdapter : Detected ResponseBodyAdvice bean in exceptionHandlerAdvice
2018-10-27 13:47:41.790  INFO 8816 --- [restartedMain] s.w.s.m.m.a.RequestMappingHandlerAdapter : Detected RequestBodyAdvice bean in logRequestBodyAdvice
2018-10-27 13:47:41.791  INFO 8816 --- [restartedMain] s.w.s.m.m.a.RequestMappingHandlerAdapter : Detected ResponseBodyAdvice bean in logResponseBodyAdvice
2018-10-27 13:47:41.840  INFO 8816 --- [restartedMain] s.w.s.m.m.a.RequestMappingHandlerMapping : Mapped "{[/sys/person/update],methods=[POST]}" onto public void com.lyf.mybatisplusstudy.sys.controller.PersonController.update()
2018-10-27 13:47:41.841  INFO 8816 --- [restartedMain] s.w.s.m.m.a.RequestMappingHandlerMapping : Mapped "{[/sys/person/delete],methods=[POST]}" onto public void com.lyf.mybatisplusstudy.sys.controller.PersonController.delete()
2018-10-27 13:47:41.843  INFO 8816 --- [restartedMain] s.w.s.m.m.a.RequestMappingHandlerMapping : Mapped "{[/sys/person/insert],methods=[POST]}" onto public void com.lyf.mybatisplusstudy.sys.controller.PersonController.insert(com.lyf.mybatisplusstudy.sys.entity.Person)
2018-10-27 13:47:41.843  INFO 8816 --- [restartedMain] s.w.s.m.m.a.RequestMappingHandlerMapping : Mapped "{[/sys/person/selectpage],methods=[POST]}" onto public java.util.List<com.lyf.mybatisplusstudy.sys.entity.Person> com.lyf.mybatisplusstudy.sys.controller.PersonController.select(int,int)
2018-10-27 13:47:41.843  INFO 8816 --- [restartedMain] s.w.s.m.m.a.RequestMappingHandlerMapping : Mapped "{[/sys/person/select],methods=[POST]}" onto public com.lyf.mybatisplusstudy.utils.Result com.lyf.mybatisplusstudy.sys.controller.PersonController.select()
2018-10-27 13:47:41.845  INFO 8816 --- [restartedMain] s.w.s.m.m.a.RequestMappingHandlerMapping : Mapped "{[/sys/user/select],methods=[POST]}" onto public java.util.List<com.lyf.mybatisplusstudy.sys.entity.User> com.lyf.mybatisplusstudy.sys.controller.UserController.select(java.lang.String)
2018-10-27 13:47:41.846  INFO 8816 --- [restartedMain] s.w.s.m.m.a.RequestMappingHandlerMapping : Mapped "{[/sys/user/update],methods=[POST]}" onto public void com.lyf.mybatisplusstudy.sys.controller.UserController.updateUserInfo(com.lyf.mybatisplusstudy.sys.entity.User)
2018-10-27 13:47:41.846  INFO 8816 --- [restartedMain] s.w.s.m.m.a.RequestMappingHandlerMapping : Mapped "{[/sys/user/delete],methods=[POST]}" onto public void com.lyf.mybatisplusstudy.sys.controller.UserController.deleteUserInfo(long)
2018-10-27 13:47:41.846  INFO 8816 --- [restartedMain] s.w.s.m.m.a.RequestMappingHandlerMapping : Mapped "{[/sys/user/insert],methods=[POST]}" onto public void com.lyf.mybatisplusstudy.sys.controller.UserController.insertUserInfo(com.lyf.mybatisplusstudy.sys.entity.User)
2018-10-27 13:47:41.847  INFO 8816 --- [restartedMain] s.w.s.m.m.a.RequestMappingHandlerMapping : Mapped "{[/sys/user/selectOne],methods=[POST]}" onto public com.lyf.mybatisplusstudy.sys.entity.User com.lyf.mybatisplusstudy.sys.controller.UserController.selectOne(int)
2018-10-27 13:47:41.850  INFO 8816 --- [restartedMain] s.w.s.m.m.a.RequestMappingHandlerMapping : Mapped "{[/error]}" onto public org.springframework.http.ResponseEntity<java.util.Map<java.lang.String, java.lang.Object>> org.springframework.boot.autoconfigure.web.servlet.error.BasicErrorController.error(javax.servlet.http.HttpServletRequest)
2018-10-27 13:47:41.851  INFO 8816 --- [restartedMain] s.w.s.m.m.a.RequestMappingHandlerMapping : Mapped "{[/error],produces=[text/html]}" onto public org.springframework.web.servlet.ModelAndView org.springframework.boot.autoconfigure.web.servlet.error.BasicErrorController.errorHtml(javax.servlet.http.HttpServletRequest,javax.servlet.http.HttpServletResponse)
2018-10-27 13:47:41.875  INFO 8816 --- [restartedMain] o.s.w.s.handler.SimpleUrlHandlerMapping  : Mapped URL path [/webjars/**] onto handler of type [class org.springframework.web.servlet.resource.ResourceHttpRequestHandler]
2018-10-27 13:47:41.875  INFO 8816 --- [restartedMain] o.s.w.s.handler.SimpleUrlHandlerMapping  : Mapped URL path [/**] onto handler of type [class org.springframework.web.servlet.resource.ResourceHttpRequestHandler]
2018-10-27 13:47:41.890  INFO 8816 --- [restartedMain] .m.m.a.ExceptionHandlerExceptionResolver : Detected @ExceptionHandler methods in exceptionHandlerAdvice
2018-10-27 13:47:41.890  INFO 8816 --- [restartedMain] .m.m.a.ExceptionHandlerExceptionResolver : Detected ResponseBodyAdvice implementation in exceptionHandlerAdvice
2018-10-27 13:47:41.891  INFO 8816 --- [restartedMain] .m.m.a.ExceptionHandlerExceptionResolver : Detected ResponseBodyAdvice implementation in logResponseBodyAdvice
2018-10-27 13:47:42.053  INFO 8816 --- [restartedMain] o.s.ui.freemarker.SpringTemplateLoader   : SpringTemplateLoader for FreeMarker: using resource loader [org.springframework.boot.web.servlet.context.AnnotationConfigServletWebServerApplicationContext@24dbb003: startup date [Sat Oct 27 13:47:36 CST 2018]; root of context hierarchy] and template loader path [classpath:/templates/]
2018-10-27 13:47:42.054  INFO 8816 --- [restartedMain] o.s.w.s.v.f.FreeMarkerConfigurer         : ClassTemplateLoader for Spring macros added to FreeMarker configuration
2018-10-27 13:47:42.218  INFO 8816 --- [restartedMain] o.s.b.d.a.OptionalLiveReloadServer       : LiveReload server is running on port 35729
2018-10-27 13:47:42.265  INFO 8816 --- [restartedMain] o.s.j.e.a.AnnotationMBeanExporter        : Registering beans for JMX exposure on startup
2018-10-27 13:47:42.266  INFO 8816 --- [restartedMain] o.s.j.e.a.AnnotationMBeanExporter        : Bean with name 'statFilter' has been autodetected for JMX exposure
2018-10-27 13:47:42.267  INFO 8816 --- [restartedMain] o.s.j.e.a.AnnotationMBeanExporter        : Bean with name 'dataSource' has been autodetected for JMX exposure
2018-10-27 13:47:42.273  INFO 8816 --- [restartedMain] o.s.j.e.a.AnnotationMBeanExporter        : Located MBean 'dataSource': registering with JMX server as MBean [com.alibaba.druid.spring.boot.autoconfigure:name=dataSource,type=DruidDataSourceWrapper]
2018-10-27 13:47:42.274  INFO 8816 --- [restartedMain] o.s.j.e.a.AnnotationMBeanExporter        : Located MBean 'statFilter': registering with JMX server as MBean [com.alibaba.druid.filter.stat:name=statFilter,type=StatFilter]
2018-10-27 13:47:42.314  INFO 8816 --- [restartedMain] o.s.b.w.embedded.tomcat.TomcatWebServer  : Tomcat started on port(s): 8080 (http) with context path ''
2018-10-27 13:47:42.318  INFO 8816 --- [restartedMain] c.l.m.MybatisplusstudyApplication        : Started MybatisplusstudyApplication in 6.84 seconds (JVM running for 7.787)
2018-10-27 14:40:36.825  INFO 5816 --- [restartedMain] c.l.m.MybatisplusstudyApplication        : Starting MybatisplusstudyApplication on DESKTOP-T0RAS0O with PID 5816 (E:\SpringBootSpringColud\study\mybatisplusstudy\target\classes started by xiaolin in E:\SpringBootSpringColud\study\mybatisplusstudy)
2018-10-27 14:40:36.826  INFO 5816 --- [restartedMain] c.l.m.MybatisplusstudyApplication        : No active profile set, falling back to default profiles: default
2018-10-27 14:40:36.880  INFO 5816 --- [restartedMain] ConfigServletWebServerApplicationContext : Refreshing org.springframework.boot.web.servlet.context.AnnotationConfigServletWebServerApplicationContext@30352598: startup date [Sat Oct 27 14:40:36 CST 2018]; root of context hierarchy
2018-10-27 14:40:37.900  WARN 5816 --- [restartedMain] o.m.s.mapper.ClassPathMapperScanner      : Skipping MapperFactoryBean with name 'itemsMapper' and 'com.lyf.mybatisplusstudy.sys.mapper.ItemsMapper' mapperInterface. Bean already defined with the same name!
2018-10-27 14:40:37.901  WARN 5816 --- [restartedMain] o.m.s.mapper.ClassPathMapperScanner      : Skipping MapperFactoryBean with name 'orderdetailMapper' and 'com.lyf.mybatisplusstudy.sys.mapper.OrderdetailMapper' mapperInterface. Bean already defined with the same name!
2018-10-27 14:40:37.901  WARN 5816 --- [restartedMain] o.m.s.mapper.ClassPathMapperScanner      : Skipping MapperFactoryBean with name 'ordersMapper' and 'com.lyf.mybatisplusstudy.sys.mapper.OrdersMapper' mapperInterface. Bean already defined with the same name!
2018-10-27 14:40:37.901  WARN 5816 --- [restartedMain] o.m.s.mapper.ClassPathMapperScanner      : Skipping MapperFactoryBean with name 'personMapper' and 'com.lyf.mybatisplusstudy.sys.mapper.PersonMapper' mapperInterface. Bean already defined with the same name!
2018-10-27 14:40:37.901  WARN 5816 --- [restartedMain] o.m.s.mapper.ClassPathMapperScanner      : Skipping MapperFactoryBean with name 'studentMapper' and 'com.lyf.mybatisplusstudy.sys.mapper.StudentMapper' mapperInterface. Bean already defined with the same name!
2018-10-27 14:40:37.901  WARN 5816 --- [restartedMain] o.m.s.mapper.ClassPathMapperScanner      : Skipping MapperFactoryBean with name 'TUserMapper' and 'com.lyf.mybatisplusstudy.sys.mapper.TUserMapper' mapperInterface. Bean already defined with the same name!
2018-10-27 14:40:37.901  WARN 5816 --- [restartedMain] o.m.s.mapper.ClassPathMapperScanner      : Skipping MapperFactoryBean with name 'userMapper' and 'com.lyf.mybatisplusstudy.sys.mapper.UserMapper' mapperInterface. Bean already defined with the same name!
2018-10-27 14:40:37.902  WARN 5816 --- [restartedMain] o.m.s.mapper.ClassPathMapperScanner      : No MyBatis mapper was found in '[com.lyf.mybatisplusstudy.sys.mapper]' package. Please check your configuration.
2018-10-27 14:40:39.183  INFO 5816 --- [restartedMain] o.s.b.w.embedded.tomcat.TomcatWebServer  : Tomcat initialized with port(s): 8080 (http)
2018-10-27 14:40:39.204  INFO 5816 --- [restartedMain] o.apache.catalina.core.StandardService   : Starting service [Tomcat]
2018-10-27 14:40:39.205  INFO 5816 --- [restartedMain] org.apache.catalina.core.StandardEngine  : Starting Servlet Engine: Apache Tomcat/8.5.34
2018-10-27 14:40:39.208  INFO 5816 --- [localhost-startStop-1] o.a.catalina.core.AprLifecycleListener   : The APR based Apache Tomcat Native library which allows optimal performance in production environments was not found on the java.library.path: [G:\studaytools\Java\jdk\bin;C:\WINDOWS\Sun\Java\bin;C:\WINDOWS\system32;C:\WINDOWS;C:\ProgramData\Oracle\Java\javapath;C:\Program Files (x86)\Intel\iCLS Client\;C:\Program Files\Intel\iCLS Client\;C:\Windows\system32;C:\Windows;C:\Windows\System32\Wbem;C:\Windows\System32\WindowsPowerShell\v1.0\;C:\Program Files (x86)\NVIDIA Corporation\PhysX\Common;C:\Program Files (x86)\Intel\Intel(R) Management Engine Components\DAL;C:\Program Files\Intel\Intel(R) Management Engine Components\DAL;C:\Program Files (x86)\Intel\Intel(R) Management Engine Components\IPT;C:\Program Files\Intel\Intel(R) Management Engine Components\IPT;G:\studaytools\java7\jdk\bin;G:\studaytools\java7\jre\bin;C:\Program Files\Common Files\Intel\WirelessCommon\;C:\WINDOWS\system32;C:\WINDOWS;C:\WINDOWS\System32\Wbem;C:\WINDOWS\System32\WindowsPowerShell\v1.0\;G:\svn\bin;G:\git\gitgui\bin;C:\Users\xiaolin\.gradle\wrapper\dists\gradle-3.3-all\55gk2rcmfc6p2dg9u9ohc3hw9\gradle-3.3\bin;C:\Users\xiaolin\AppData\Local\Android\Sdk\platform-tools\;G:\studaytools\nodejs\;G:\mysql\bin;G:\studaytools\nodejs\node_global;C:\Program Files\Intel\WiFi\bin\;G:\studaytools\Python27;G:\studaytools\JAVATOOL\mysql\bin;G:\studaytools\JAVATOOL\mysql\workspeace\bin;G:\studaytools\apache-maven-3.5.2\bin;G:\studaytools\groovy\groovy-2.4.13\bin;C:\ProgramData\chocolatey\bin;C:\WINDOWS\System32\OpenSSH\;G:\Redis\;C:\WINDOWS\system32\config\systemprofile\.dnx\bin;C:\Program Files\Microsoft DNX\Dnvm\;C:\Program Files\Microsoft SQL Server\130\Tools\Binn\;C:\Program Files (x86)\Windows Kits\8.1\Windows Performance Toolkit\;G:\studaytools\Clion\MinGW\bin;G:\flutter\flutter\bin;G:\git\Git\bin;C:\Program Files\Intel\WiFi\bin\;C:\Program Files\Common Files\Intel\WirelessCommon\;C:\Users\xiaolin\AppData\Local\Microsoft\WindowsApps;;C:\Users\xiaolin\AppData\Local\Programs\Fiddler;C:\Users\xiaolin\AppData\Roaming\npm;C:\Users\xiaolin\AppData\Local\Microsoft\WindowsApps;C:\Program Files\Intel\WiFi\bin\;C:\Program Files\Common Files\Intel\WirelessCommon\;.]
2018-10-27 14:40:39.286  INFO 5816 --- [localhost-startStop-1] o.a.c.c.C.[Tomcat].[localhost].[/]       : Initializing Spring embedded WebApplicationContext
2018-10-27 14:40:39.286  INFO 5816 --- [localhost-startStop-1] o.s.web.context.ContextLoader            : Root WebApplicationContext: initialization completed in 2406 ms
2018-10-27 14:40:39.376  INFO 5816 --- [localhost-startStop-1] o.s.b.w.servlet.ServletRegistrationBean  : Servlet dispatcherServlet mapped to [/]
2018-10-27 14:40:39.377  INFO 5816 --- [localhost-startStop-1] o.s.b.w.servlet.ServletRegistrationBean  : Servlet statViewServlet mapped to [/druid/*]
2018-10-27 14:40:39.380  INFO 5816 --- [localhost-startStop-1] o.s.b.w.servlet.FilterRegistrationBean   : Mapping filter: 'characterEncodingFilter' to: [/*]
2018-10-27 14:40:39.381  INFO 5816 --- [localhost-startStop-1] o.s.b.w.servlet.FilterRegistrationBean   : Mapping filter: 'hiddenHttpMethodFilter' to: [/*]
2018-10-27 14:40:39.381  INFO 5816 --- [localhost-startStop-1] o.s.b.w.servlet.FilterRegistrationBean   : Mapping filter: 'httpPutFormContentFilter' to: [/*]
2018-10-27 14:40:39.381  INFO 5816 --- [localhost-startStop-1] o.s.b.w.servlet.FilterRegistrationBean   : Mapping filter: 'requestContextFilter' to: [/*]
2018-10-27 14:40:39.381  INFO 5816 --- [localhost-startStop-1] o.s.b.w.servlet.FilterRegistrationBean   : Mapping filter: 'webStatFilter' to urls: [/*]
2018-10-27 14:40:39.566  INFO 5816 --- [restartedMain] c.a.d.s.b.a.DruidDataSourceAutoConfigure : Init DruidDataSource
2018-10-27 14:40:39.681  INFO 5816 --- [restartedMain] com.alibaba.druid.pool.DruidDataSource   : {dataSource-1} inited
2018-10-27 14:40:40.623  WARN 5816 --- [restartedMain] c.b.m.core.toolkit.TableInfoHelper       : Warn: Could not find @TableId in Class: com.lyf.mybatisplusstudy.sys.entity.Student.
2018-10-27 14:40:40.868  INFO 5816 --- [restartedMain] o.s.w.s.handler.SimpleUrlHandlerMapping  : Mapped URL path [/**/favicon.ico] onto handler of type [class org.springframework.web.servlet.resource.ResourceHttpRequestHandler]
2018-10-27 14:40:41.020  INFO 5816 --- [restartedMain] s.w.s.m.m.a.RequestMappingHandlerAdapter : Looking for @ControllerAdvice: org.springframework.boot.web.servlet.context.AnnotationConfigServletWebServerApplicationContext@30352598: startup date [Sat Oct 27 14:40:36 CST 2018]; root of context hierarchy
2018-10-27 14:40:41.026  INFO 5816 --- [restartedMain] s.w.s.m.m.a.RequestMappingHandlerAdapter : Detected @InitBinder methods in exceptionHandlerAdvice
2018-10-27 14:40:41.026  INFO 5816 --- [restartedMain] s.w.s.m.m.a.RequestMappingHandlerAdapter : Detected ResponseBodyAdvice bean in exceptionHandlerAdvice
2018-10-27 14:40:41.026  INFO 5816 --- [restartedMain] s.w.s.m.m.a.RequestMappingHandlerAdapter : Detected RequestBodyAdvice bean in logRequestBodyAdvice
2018-10-27 14:40:41.026  INFO 5816 --- [restartedMain] s.w.s.m.m.a.RequestMappingHandlerAdapter : Detected ResponseBodyAdvice bean in logResponseBodyAdvice
2018-10-27 14:40:41.074  INFO 5816 --- [restartedMain] s.w.s.m.m.a.RequestMappingHandlerMapping : Mapped "{[/sys/orders/findOrdersUser],methods=[POST]}" onto public com.lyf.mybatisplusstudy.utils.Result com.lyf.mybatisplusstudy.sys.controller.OrdersController.findOrdersUser()
2018-10-27 14:40:41.078  INFO 5816 --- [restartedMain] s.w.s.m.m.a.RequestMappingHandlerMapping : Mapped "{[/sys/orders/findOrdersUserResultMap],methods=[POST]}" onto public com.lyf.mybatisplusstudy.utils.Result com.lyf.mybatisplusstudy.sys.controller.OrdersController.findOrdersUserResultMap()
2018-10-27 14:40:41.082  INFO 5816 --- [restartedMain] s.w.s.m.m.a.RequestMappingHandlerMapping : Mapped "{[/sys/person/update],methods=[POST]}" onto public void com.lyf.mybatisplusstudy.sys.controller.PersonController.update()
2018-10-27 14:40:41.083  INFO 5816 --- [restartedMain] s.w.s.m.m.a.RequestMappingHandlerMapping : Mapped "{[/sys/person/delete],methods=[POST]}" onto public void com.lyf.mybatisplusstudy.sys.controller.PersonController.delete()
2018-10-27 14:40:41.086  INFO 5816 --- [restartedMain] s.w.s.m.m.a.RequestMappingHandlerMapping : Mapped "{[/sys/person/insert],methods=[POST]}" onto public void com.lyf.mybatisplusstudy.sys.controller.PersonController.insert(com.lyf.mybatisplusstudy.sys.entity.Person)
2018-10-27 14:40:41.087  INFO 5816 --- [restartedMain] s.w.s.m.m.a.RequestMappingHandlerMapping : Mapped "{[/sys/person/selectpage],methods=[POST]}" onto public java.util.List<com.lyf.mybatisplusstudy.sys.entity.Person> com.lyf.mybatisplusstudy.sys.controller.PersonController.select(int,int)
2018-10-27 14:40:41.087  INFO 5816 --- [restartedMain] s.w.s.m.m.a.RequestMappingHandlerMapping : Mapped "{[/sys/person/select],methods=[POST]}" onto public com.lyf.mybatisplusstudy.utils.Result com.lyf.mybatisplusstudy.sys.controller.PersonController.select()
2018-10-27 14:40:41.089  INFO 5816 --- [restartedMain] s.w.s.m.m.a.RequestMappingHandlerMapping : Mapped "{[/sys/user/select],methods=[POST]}" onto public java.util.List<com.lyf.mybatisplusstudy.sys.entity.User> com.lyf.mybatisplusstudy.sys.controller.UserController.select(java.lang.String)
2018-10-27 14:40:41.090  INFO 5816 --- [restartedMain] s.w.s.m.m.a.RequestMappingHandlerMapping : Mapped "{[/sys/user/selectOne],methods=[POST]}" onto public com.lyf.mybatisplusstudy.sys.entity.User com.lyf.mybatisplusstudy.sys.controller.UserController.selectOne(int)
2018-10-27 14:40:41.090  INFO 5816 --- [restartedMain] s.w.s.m.m.a.RequestMappingHandlerMapping : Mapped "{[/sys/user/insert],methods=[POST]}" onto public void com.lyf.mybatisplusstudy.sys.controller.UserController.insertUserInfo(com.lyf.mybatisplusstudy.sys.entity.User)
2018-10-27 14:40:41.090  INFO 5816 --- [restartedMain] s.w.s.m.m.a.RequestMappingHandlerMapping : Mapped "{[/sys/user/update],methods=[POST]}" onto public void com.lyf.mybatisplusstudy.sys.controller.UserController.updateUserInfo(com.lyf.mybatisplusstudy.sys.entity.User)
2018-10-27 14:40:41.090  INFO 5816 --- [restartedMain] s.w.s.m.m.a.RequestMappingHandlerMapping : Mapped "{[/sys/user/delete],methods=[POST]}" onto public void com.lyf.mybatisplusstudy.sys.controller.UserController.deleteUserInfo(long)
2018-10-27 14:40:41.095  INFO 5816 --- [restartedMain] s.w.s.m.m.a.RequestMappingHandlerMapping : Mapped "{[/error]}" onto public org.springframework.http.ResponseEntity<java.util.Map<java.lang.String, java.lang.Object>> org.springframework.boot.autoconfigure.web.servlet.error.BasicErrorController.error(javax.servlet.http.HttpServletRequest)
2018-10-27 14:40:41.095  INFO 5816 --- [restartedMain] s.w.s.m.m.a.RequestMappingHandlerMapping : Mapped "{[/error],produces=[text/html]}" onto public org.springframework.web.servlet.ModelAndView org.springframework.boot.autoconfigure.web.servlet.error.BasicErrorController.errorHtml(javax.servlet.http.HttpServletRequest,javax.servlet.http.HttpServletResponse)
2018-10-27 14:40:41.120  INFO 5816 --- [restartedMain] o.s.w.s.handler.SimpleUrlHandlerMapping  : Mapped URL path [/webjars/**] onto handler of type [class org.springframework.web.servlet.resource.ResourceHttpRequestHandler]
2018-10-27 14:40:41.121  INFO 5816 --- [restartedMain] o.s.w.s.handler.SimpleUrlHandlerMapping  : Mapped URL path [/**] onto handler of type [class org.springframework.web.servlet.resource.ResourceHttpRequestHandler]
2018-10-27 14:40:41.134  INFO 5816 --- [restartedMain] .m.m.a.ExceptionHandlerExceptionResolver : Detected @ExceptionHandler methods in exceptionHandlerAdvice
2018-10-27 14:40:41.134  INFO 5816 --- [restartedMain] .m.m.a.ExceptionHandlerExceptionResolver : Detected ResponseBodyAdvice implementation in exceptionHandlerAdvice
2018-10-27 14:40:41.135  INFO 5816 --- [restartedMain] .m.m.a.ExceptionHandlerExceptionResolver : Detected ResponseBodyAdvice implementation in logResponseBodyAdvice
2018-10-27 14:40:41.249  INFO 5816 --- [restartedMain] o.s.ui.freemarker.SpringTemplateLoader   : SpringTemplateLoader for FreeMarker: using resource loader [org.springframework.boot.web.servlet.context.AnnotationConfigServletWebServerApplicationContext@30352598: startup date [Sat Oct 27 14:40:36 CST 2018]; root of context hierarchy] and template loader path [classpath:/templates/]
2018-10-27 14:40:41.250  INFO 5816 --- [restartedMain] o.s.w.s.v.f.FreeMarkerConfigurer         : ClassTemplateLoader for Spring macros added to FreeMarker configuration
2018-10-27 14:40:41.419  INFO 5816 --- [restartedMain] o.s.b.d.a.OptionalLiveReloadServer       : LiveReload server is running on port 35729
2018-10-27 14:40:41.456  INFO 5816 --- [restartedMain] o.s.j.e.a.AnnotationMBeanExporter        : Registering beans for JMX exposure on startup
2018-10-27 14:40:41.458  INFO 5816 --- [restartedMain] o.s.j.e.a.AnnotationMBeanExporter        : Bean with name 'statFilter' has been autodetected for JMX exposure
2018-10-27 14:40:41.458  INFO 5816 --- [restartedMain] o.s.j.e.a.AnnotationMBeanExporter        : Bean with name 'dataSource' has been autodetected for JMX exposure
2018-10-27 14:40:41.462  INFO 5816 --- [restartedMain] o.s.j.e.a.AnnotationMBeanExporter        : Located MBean 'dataSource': registering with JMX server as MBean [com.alibaba.druid.spring.boot.autoconfigure:name=dataSource,type=DruidDataSourceWrapper]
2018-10-27 14:40:41.463  INFO 5816 --- [restartedMain] o.s.j.e.a.AnnotationMBeanExporter        : Located MBean 'statFilter': registering with JMX server as MBean [com.alibaba.druid.filter.stat:name=statFilter,type=StatFilter]
2018-10-27 14:40:41.500  INFO 5816 --- [restartedMain] o.s.b.w.embedded.tomcat.TomcatWebServer  : Tomcat started on port(s): 8080 (http) with context path ''
2018-10-27 14:40:41.506  INFO 5816 --- [restartedMain] c.l.m.MybatisplusstudyApplication        : Started MybatisplusstudyApplication in 5.12 seconds (JVM running for 5.878)
2018-10-27 14:42:58.629  INFO 5816 --- [http-nio-8080-exec-1] o.a.c.c.C.[Tomcat].[localhost].[/]       : Initializing Spring FrameworkServlet 'dispatcherServlet'
2018-10-27 14:42:58.629  INFO 5816 --- [http-nio-8080-exec-1] o.s.web.servlet.DispatcherServlet        : FrameworkServlet 'dispatcherServlet': initialization started
2018-10-27 14:42:58.649  INFO 5816 --- [http-nio-8080-exec-1] o.s.web.servlet.DispatcherServlet        : FrameworkServlet 'dispatcherServlet': initialization completed in 20 ms
2018-10-27 15:01:16.425  INFO 14136 --- [restartedMain] c.l.m.MybatisplusstudyApplication        : Starting MybatisplusstudyApplication on DESKTOP-T0RAS0O with PID 14136 (E:\SpringBootSpringColud\study\mybatisplusstudy\target\classes started by xiaolin in E:\SpringBootSpringColud\study\mybatisplusstudy)
2018-10-27 15:01:16.427  INFO 14136 --- [restartedMain] c.l.m.MybatisplusstudyApplication        : No active profile set, falling back to default profiles: default
2018-10-27 15:01:16.480  INFO 14136 --- [restartedMain] ConfigServletWebServerApplicationContext : Refreshing org.springframework.boot.web.servlet.context.AnnotationConfigServletWebServerApplicationContext@1a848868: startup date [Sat Oct 27 15:01:16 CST 2018]; root of context hierarchy
2018-10-27 15:01:17.552  WARN 14136 --- [restartedMain] o.m.s.mapper.ClassPathMapperScanner      : Skipping MapperFactoryBean with name 'itemsMapper' and 'com.lyf.mybatisplusstudy.sys.mapper.ItemsMapper' mapperInterface. Bean already defined with the same name!
2018-10-27 15:01:17.553  WARN 14136 --- [restartedMain] o.m.s.mapper.ClassPathMapperScanner      : Skipping MapperFactoryBean with name 'orderdetailMapper' and 'com.lyf.mybatisplusstudy.sys.mapper.OrderdetailMapper' mapperInterface. Bean already defined with the same name!
2018-10-27 15:01:17.553  WARN 14136 --- [restartedMain] o.m.s.mapper.ClassPathMapperScanner      : Skipping MapperFactoryBean with name 'ordersMapper' and 'com.lyf.mybatisplusstudy.sys.mapper.OrdersMapper' mapperInterface. Bean already defined with the same name!
2018-10-27 15:01:17.554  WARN 14136 --- [restartedMain] o.m.s.mapper.ClassPathMapperScanner      : Skipping MapperFactoryBean with name 'personMapper' and 'com.lyf.mybatisplusstudy.sys.mapper.PersonMapper' mapperInterface. Bean already defined with the same name!
2018-10-27 15:01:17.554  WARN 14136 --- [restartedMain] o.m.s.mapper.ClassPathMapperScanner      : Skipping MapperFactoryBean with name 'studentMapper' and 'com.lyf.mybatisplusstudy.sys.mapper.StudentMapper' mapperInterface. Bean already defined with the same name!
2018-10-27 15:01:17.554  WARN 14136 --- [restartedMain] o.m.s.mapper.ClassPathMapperScanner      : Skipping MapperFactoryBean with name 'TUserMapper' and 'com.lyf.mybatisplusstudy.sys.mapper.TUserMapper' mapperInterface. Bean already defined with the same name!
2018-10-27 15:01:17.554  WARN 14136 --- [restartedMain] o.m.s.mapper.ClassPathMapperScanner      : Skipping MapperFactoryBean with name 'userMapper' and 'com.lyf.mybatisplusstudy.sys.mapper.UserMapper' mapperInterface. Bean already defined with the same name!
2018-10-27 15:01:17.554  WARN 14136 --- [restartedMain] o.m.s.mapper.ClassPathMapperScanner      : No MyBatis mapper was found in '[com.lyf.mybatisplusstudy.sys.mapper]' package. Please check your configuration.
2018-10-27 15:01:19.058  INFO 14136 --- [restartedMain] o.s.b.w.embedded.tomcat.TomcatWebServer  : Tomcat initialized with port(s): 8080 (http)
2018-10-27 15:01:19.081  INFO 14136 --- [restartedMain] o.apache.catalina.core.StandardService   : Starting service [Tomcat]
2018-10-27 15:01:19.082  INFO 14136 --- [restartedMain] org.apache.catalina.core.StandardEngine  : Starting Servlet Engine: Apache Tomcat/8.5.34
2018-10-27 15:01:19.084  INFO 14136 --- [localhost-startStop-1] o.a.catalina.core.AprLifecycleListener   : The APR based Apache Tomcat Native library which allows optimal performance in production environments was not found on the java.library.path: [G:\studaytools\Java\jdk\bin;C:\WINDOWS\Sun\Java\bin;C:\WINDOWS\system32;C:\WINDOWS;C:\ProgramData\Oracle\Java\javapath;C:\Program Files (x86)\Intel\iCLS Client\;C:\Program Files\Intel\iCLS Client\;C:\Windows\system32;C:\Windows;C:\Windows\System32\Wbem;C:\Windows\System32\WindowsPowerShell\v1.0\;C:\Program Files (x86)\NVIDIA Corporation\PhysX\Common;C:\Program Files (x86)\Intel\Intel(R) Management Engine Components\DAL;C:\Program Files\Intel\Intel(R) Management Engine Components\DAL;C:\Program Files (x86)\Intel\Intel(R) Management Engine Components\IPT;C:\Program Files\Intel\Intel(R) Management Engine Components\IPT;G:\studaytools\java7\jdk\bin;G:\studaytools\java7\jre\bin;C:\Program Files\Common Files\Intel\WirelessCommon\;C:\WINDOWS\system32;C:\WINDOWS;C:\WINDOWS\System32\Wbem;C:\WINDOWS\System32\WindowsPowerShell\v1.0\;G:\svn\bin;G:\git\gitgui\bin;C:\Users\xiaolin\.gradle\wrapper\dists\gradle-3.3-all\55gk2rcmfc6p2dg9u9ohc3hw9\gradle-3.3\bin;C:\Users\xiaolin\AppData\Local\Android\Sdk\platform-tools\;G:\studaytools\nodejs\;G:\mysql\bin;G:\studaytools\nodejs\node_global;C:\Program Files\Intel\WiFi\bin\;G:\studaytools\Python27;G:\studaytools\JAVATOOL\mysql\bin;G:\studaytools\JAVATOOL\mysql\workspeace\bin;G:\studaytools\apache-maven-3.5.2\bin;G:\studaytools\groovy\groovy-2.4.13\bin;C:\ProgramData\chocolatey\bin;C:\WINDOWS\System32\OpenSSH\;G:\Redis\;C:\WINDOWS\system32\config\systemprofile\.dnx\bin;C:\Program Files\Microsoft DNX\Dnvm\;C:\Program Files\Microsoft SQL Server\130\Tools\Binn\;C:\Program Files (x86)\Windows Kits\8.1\Windows Performance Toolkit\;G:\studaytools\Clion\MinGW\bin;G:\flutter\flutter\bin;G:\git\Git\bin;C:\Program Files\Intel\WiFi\bin\;C:\Program Files\Common Files\Intel\WirelessCommon\;C:\Users\xiaolin\AppData\Local\Microsoft\WindowsApps;;C:\Users\xiaolin\AppData\Local\Programs\Fiddler;C:\Users\xiaolin\AppData\Roaming\npm;C:\Users\xiaolin\AppData\Local\Microsoft\WindowsApps;C:\Program Files\Intel\WiFi\bin\;C:\Program Files\Common Files\Intel\WirelessCommon\;.]
2018-10-27 15:01:19.165  INFO 14136 --- [localhost-startStop-1] o.a.c.c.C.[Tomcat].[localhost].[/]       : Initializing Spring embedded WebApplicationContext
2018-10-27 15:01:19.166  INFO 14136 --- [localhost-startStop-1] o.s.web.context.ContextLoader            : Root WebApplicationContext: initialization completed in 2686 ms
2018-10-27 15:01:19.252  INFO 14136 --- [localhost-startStop-1] o.s.b.w.servlet.ServletRegistrationBean  : Servlet dispatcherServlet mapped to [/]
2018-10-27 15:01:19.253  INFO 14136 --- [localhost-startStop-1] o.s.b.w.servlet.ServletRegistrationBean  : Servlet statViewServlet mapped to [/druid/*]
2018-10-27 15:01:19.256  INFO 14136 --- [localhost-startStop-1] o.s.b.w.servlet.FilterRegistrationBean   : Mapping filter: 'characterEncodingFilter' to: [/*]
2018-10-27 15:01:19.257  INFO 14136 --- [localhost-startStop-1] o.s.b.w.servlet.FilterRegistrationBean   : Mapping filter: 'hiddenHttpMethodFilter' to: [/*]
2018-10-27 15:01:19.257  INFO 14136 --- [localhost-startStop-1] o.s.b.w.servlet.FilterRegistrationBean   : Mapping filter: 'httpPutFormContentFilter' to: [/*]
2018-10-27 15:01:19.257  INFO 14136 --- [localhost-startStop-1] o.s.b.w.servlet.FilterRegistrationBean   : Mapping filter: 'requestContextFilter' to: [/*]
2018-10-27 15:01:19.257  INFO 14136 --- [localhost-startStop-1] o.s.b.w.servlet.FilterRegistrationBean   : Mapping filter: 'webStatFilter' to urls: [/*]
2018-10-27 15:01:19.396  INFO 14136 --- [restartedMain] c.a.d.s.b.a.DruidDataSourceAutoConfigure : Init DruidDataSource
2018-10-27 15:01:19.518  INFO 14136 --- [restartedMain] com.alibaba.druid.pool.DruidDataSource   : {dataSource-1} inited
2018-10-27 15:01:20.568  WARN 14136 --- [restartedMain] c.b.m.core.toolkit.TableInfoHelper       : Warn: Could not find @TableId in Class: com.lyf.mybatisplusstudy.sys.entity.Student.
2018-10-27 15:01:20.826  INFO 14136 --- [restartedMain] o.s.w.s.handler.SimpleUrlHandlerMapping  : Mapped URL path [/**/favicon.ico] onto handler of type [class org.springframework.web.servlet.resource.ResourceHttpRequestHandler]
2018-10-27 15:01:20.981  INFO 14136 --- [restartedMain] s.w.s.m.m.a.RequestMappingHandlerAdapter : Looking for @ControllerAdvice: org.springframework.boot.web.servlet.context.AnnotationConfigServletWebServerApplicationContext@1a848868: startup date [Sat Oct 27 15:01:16 CST 2018]; root of context hierarchy
2018-10-27 15:01:20.986  INFO 14136 --- [restartedMain] s.w.s.m.m.a.RequestMappingHandlerAdapter : Detected @InitBinder methods in exceptionHandlerAdvice
2018-10-27 15:01:20.987  INFO 14136 --- [restartedMain] s.w.s.m.m.a.RequestMappingHandlerAdapter : Detected ResponseBodyAdvice bean in exceptionHandlerAdvice
2018-10-27 15:01:20.987  INFO 14136 --- [restartedMain] s.w.s.m.m.a.RequestMappingHandlerAdapter : Detected RequestBodyAdvice bean in logRequestBodyAdvice
2018-10-27 15:01:20.987  INFO 14136 --- [restartedMain] s.w.s.m.m.a.RequestMappingHandlerAdapter : Detected ResponseBodyAdvice bean in logResponseBodyAdvice
2018-10-27 15:01:21.028  INFO 14136 --- [restartedMain] s.w.s.m.m.a.RequestMappingHandlerMapping : Mapped "{[/sys/orders/findOrdersUserResultMap],methods=[POST]}" onto public com.lyf.mybatisplusstudy.utils.Result com.lyf.mybatisplusstudy.sys.controller.OrdersController.findOrdersUserResultMap()
2018-10-27 15:01:21.029  INFO 14136 --- [restartedMain] s.w.s.m.m.a.RequestMappingHandlerMapping : Mapped "{[/sys/orders/findOrdersAndOrderDetailResultMap],methods=[POST]}" onto public com.lyf.mybatisplusstudy.utils.Result com.lyf.mybatisplusstudy.sys.controller.OrdersController.findOrdersAndOrderDetailResultMap()
2018-10-27 15:01:21.029  INFO 14136 --- [restartedMain] s.w.s.m.m.a.RequestMappingHandlerMapping : Mapped "{[/sys/orders/findOrdersUser],methods=[POST]}" onto public com.lyf.mybatisplusstudy.utils.Result com.lyf.mybatisplusstudy.sys.controller.OrdersController.findOrdersUser()
2018-10-27 15:01:21.033  INFO 14136 --- [restartedMain] s.w.s.m.m.a.RequestMappingHandlerMapping : Mapped "{[/sys/person/update],methods=[POST]}" onto public void com.lyf.mybatisplusstudy.sys.controller.PersonController.update()
2018-10-27 15:01:21.033  INFO 14136 --- [restartedMain] s.w.s.m.m.a.RequestMappingHandlerMapping : Mapped "{[/sys/person/delete],methods=[POST]}" onto public void com.lyf.mybatisplusstudy.sys.controller.PersonController.delete()
2018-10-27 15:01:21.035  INFO 14136 --- [restartedMain] s.w.s.m.m.a.RequestMappingHandlerMapping : Mapped "{[/sys/person/insert],methods=[POST]}" onto public void com.lyf.mybatisplusstudy.sys.controller.PersonController.insert(com.lyf.mybatisplusstudy.sys.entity.Person)
2018-10-27 15:01:21.036  INFO 14136 --- [restartedMain] s.w.s.m.m.a.RequestMappingHandlerMapping : Mapped "{[/sys/person/selectpage],methods=[POST]}" onto public java.util.List<com.lyf.mybatisplusstudy.sys.entity.Person> com.lyf.mybatisplusstudy.sys.controller.PersonController.select(int,int)
2018-10-27 15:01:21.036  INFO 14136 --- [restartedMain] s.w.s.m.m.a.RequestMappingHandlerMapping : Mapped "{[/sys/person/select],methods=[POST]}" onto public com.lyf.mybatisplusstudy.utils.Result com.lyf.mybatisplusstudy.sys.controller.PersonController.select()
2018-10-27 15:01:21.039  INFO 14136 --- [restartedMain] s.w.s.m.m.a.RequestMappingHandlerMapping : Mapped "{[/sys/user/select],methods=[POST]}" onto public java.util.List<com.lyf.mybatisplusstudy.sys.entity.User> com.lyf.mybatisplusstudy.sys.controller.UserController.select(java.lang.String)
2018-10-27 15:01:21.039  INFO 14136 --- [restartedMain] s.w.s.m.m.a.RequestMappingHandlerMapping : Mapped "{[/sys/user/delete],methods=[POST]}" onto public void com.lyf.mybatisplusstudy.sys.controller.UserController.deleteUserInfo(long)
2018-10-27 15:01:21.040  INFO 14136 --- [restartedMain] s.w.s.m.m.a.RequestMappingHandlerMapping : Mapped "{[/sys/user/selectOne],methods=[POST]}" onto public com.lyf.mybatisplusstudy.sys.entity.User com.lyf.mybatisplusstudy.sys.controller.UserController.selectOne(int)
2018-10-27 15:01:21.040  INFO 14136 --- [restartedMain] s.w.s.m.m.a.RequestMappingHandlerMapping : Mapped "{[/sys/user/insert],methods=[POST]}" onto public void com.lyf.mybatisplusstudy.sys.controller.UserController.insertUserInfo(com.lyf.mybatisplusstudy.sys.entity.User)
2018-10-27 15:01:21.040  INFO 14136 --- [restartedMain] s.w.s.m.m.a.RequestMappingHandlerMapping : Mapped "{[/sys/user/update],methods=[POST]}" onto public void com.lyf.mybatisplusstudy.sys.controller.UserController.updateUserInfo(com.lyf.mybatisplusstudy.sys.entity.User)
2018-10-27 15:01:21.043  INFO 14136 --- [restartedMain] s.w.s.m.m.a.RequestMappingHandlerMapping : Mapped "{[/error]}" onto public org.springframework.http.ResponseEntity<java.util.Map<java.lang.String, java.lang.Object>> org.springframework.boot.autoconfigure.web.servlet.error.BasicErrorController.error(javax.servlet.http.HttpServletRequest)
2018-10-27 15:01:21.043  INFO 14136 --- [restartedMain] s.w.s.m.m.a.RequestMappingHandlerMapping : Mapped "{[/error],produces=[text/html]}" onto public org.springframework.web.servlet.ModelAndView org.springframework.boot.autoconfigure.web.servlet.error.BasicErrorController.errorHtml(javax.servlet.http.HttpServletRequest,javax.servlet.http.HttpServletResponse)
2018-10-27 15:01:21.067  INFO 14136 --- [restartedMain] o.s.w.s.handler.SimpleUrlHandlerMapping  : Mapped URL path [/webjars/**] onto handler of type [class org.springframework.web.servlet.resource.ResourceHttpRequestHandler]
2018-10-27 15:01:21.067  INFO 14136 --- [restartedMain] o.s.w.s.handler.SimpleUrlHandlerMapping  : Mapped URL path [/**] onto handler of type [class org.springframework.web.servlet.resource.ResourceHttpRequestHandler]
2018-10-27 15:01:21.080  INFO 14136 --- [restartedMain] .m.m.a.ExceptionHandlerExceptionResolver : Detected @ExceptionHandler methods in exceptionHandlerAdvice
2018-10-27 15:01:21.080  INFO 14136 --- [restartedMain] .m.m.a.ExceptionHandlerExceptionResolver : Detected ResponseBodyAdvice implementation in exceptionHandlerAdvice
2018-10-27 15:01:21.081  INFO 14136 --- [restartedMain] .m.m.a.ExceptionHandlerExceptionResolver : Detected ResponseBodyAdvice implementation in logResponseBodyAdvice
2018-10-27 15:01:21.198  INFO 14136 --- [restartedMain] o.s.ui.freemarker.SpringTemplateLoader   : SpringTemplateLoader for FreeMarker: using resource loader [org.springframework.boot.web.servlet.context.AnnotationConfigServletWebServerApplicationContext@1a848868: startup date [Sat Oct 27 15:01:16 CST 2018]; root of context hierarchy] and template loader path [classpath:/templates/]
2018-10-27 15:01:21.199  INFO 14136 --- [restartedMain] o.s.w.s.v.f.FreeMarkerConfigurer         : ClassTemplateLoader for Spring macros added to FreeMarker configuration
2018-10-27 15:01:21.365  INFO 14136 --- [restartedMain] o.s.b.d.a.OptionalLiveReloadServer       : LiveReload server is running on port 35729
2018-10-27 15:01:21.402  INFO 14136 --- [restartedMain] o.s.j.e.a.AnnotationMBeanExporter        : Registering beans for JMX exposure on startup
2018-10-27 15:01:21.404  INFO 14136 --- [restartedMain] o.s.j.e.a.AnnotationMBeanExporter        : Bean with name 'statFilter' has been autodetected for JMX exposure
2018-10-27 15:01:21.404  INFO 14136 --- [restartedMain] o.s.j.e.a.AnnotationMBeanExporter        : Bean with name 'dataSource' has been autodetected for JMX exposure
2018-10-27 15:01:21.409  INFO 14136 --- [restartedMain] o.s.j.e.a.AnnotationMBeanExporter        : Located MBean 'dataSource': registering with JMX server as MBean [com.alibaba.druid.spring.boot.autoconfigure:name=dataSource,type=DruidDataSourceWrapper]
2018-10-27 15:01:21.410  INFO 14136 --- [restartedMain] o.s.j.e.a.AnnotationMBeanExporter        : Located MBean 'statFilter': registering with JMX server as MBean [com.alibaba.druid.filter.stat:name=statFilter,type=StatFilter]
2018-10-27 15:01:21.447  INFO 14136 --- [restartedMain] o.s.b.w.embedded.tomcat.TomcatWebServer  : Tomcat started on port(s): 8080 (http) with context path ''
2018-10-27 15:01:21.450  INFO 14136 --- [restartedMain] c.l.m.MybatisplusstudyApplication        : Started MybatisplusstudyApplication in 5.466 seconds (JVM running for 6.367)
2018-10-27 15:01:45.435  INFO 14136 --- [http-nio-8080-exec-1] o.a.c.c.C.[Tomcat].[localhost].[/]       : Initializing Spring FrameworkServlet 'dispatcherServlet'
2018-10-27 15:01:45.435  INFO 14136 --- [http-nio-8080-exec-1] o.s.web.servlet.DispatcherServlet        : FrameworkServlet 'dispatcherServlet': initialization started
2018-10-27 15:01:45.460  INFO 14136 --- [http-nio-8080-exec-1] o.s.web.servlet.DispatcherServlet        : FrameworkServlet 'dispatcherServlet': initialization completed in 25 ms
2018-10-27 15:48:35.538  INFO 12616 --- [restartedMain] c.l.m.MybatisplusstudyApplication        : Starting MybatisplusstudyApplication on DESKTOP-T0RAS0O with PID 12616 (E:\SpringBootSpringColud\study\mybatisplusstudy\target\classes started by xiaolin in E:\SpringBootSpringColud\study\mybatisplusstudy)
2018-10-27 15:48:35.564  INFO 12616 --- [restartedMain] c.l.m.MybatisplusstudyApplication        : No active profile set, falling back to default profiles: default
2018-10-27 15:48:35.661  INFO 12616 --- [restartedMain] ConfigServletWebServerApplicationContext : Refreshing org.springframework.boot.web.servlet.context.AnnotationConfigServletWebServerApplicationContext@7839d162: startup date [Sat Oct 27 15:48:35 CST 2018]; root of context hierarchy
2018-10-27 15:48:36.693  WARN 12616 --- [restartedMain] o.m.s.mapper.ClassPathMapperScanner      : Skipping MapperFactoryBean with name 'itemsMapper' and 'com.lyf.mybatisplusstudy.sys.mapper.ItemsMapper' mapperInterface. Bean already defined with the same name!
2018-10-27 15:48:36.693  WARN 12616 --- [restartedMain] o.m.s.mapper.ClassPathMapperScanner      : Skipping MapperFactoryBean with name 'orderdetailMapper' and 'com.lyf.mybatisplusstudy.sys.mapper.OrderdetailMapper' mapperInterface. Bean already defined with the same name!
2018-10-27 15:48:36.693  WARN 12616 --- [restartedMain] o.m.s.mapper.ClassPathMapperScanner      : Skipping MapperFactoryBean with name 'ordersMapper' and 'com.lyf.mybatisplusstudy.sys.mapper.OrdersMapper' mapperInterface. Bean already defined with the same name!
2018-10-27 15:48:36.693  WARN 12616 --- [restartedMain] o.m.s.mapper.ClassPathMapperScanner      : Skipping MapperFactoryBean with name 'personMapper' and 'com.lyf.mybatisplusstudy.sys.mapper.PersonMapper' mapperInterface. Bean already defined with the same name!
2018-10-27 15:48:36.693  WARN 12616 --- [restartedMain] o.m.s.mapper.ClassPathMapperScanner      : Skipping MapperFactoryBean with name 'studentMapper' and 'com.lyf.mybatisplusstudy.sys.mapper.StudentMapper' mapperInterface. Bean already defined with the same name!
2018-10-27 15:48:36.693  WARN 12616 --- [restartedMain] o.m.s.mapper.ClassPathMapperScanner      : Skipping MapperFactoryBean with name 'TUserMapper' and 'com.lyf.mybatisplusstudy.sys.mapper.TUserMapper' mapperInterface. Bean already defined with the same name!
2018-10-27 15:48:36.694  WARN 12616 --- [restartedMain] o.m.s.mapper.ClassPathMapperScanner      : Skipping MapperFactoryBean with name 'userMapper' and 'com.lyf.mybatisplusstudy.sys.mapper.UserMapper' mapperInterface. Bean already defined with the same name!
2018-10-27 15:48:36.694  WARN 12616 --- [restartedMain] o.m.s.mapper.ClassPathMapperScanner      : No MyBatis mapper was found in '[com.lyf.mybatisplusstudy.sys.mapper]' package. Please check your configuration.
2018-10-27 15:48:37.912  INFO 12616 --- [restartedMain] o.s.b.w.embedded.tomcat.TomcatWebServer  : Tomcat initialized with port(s): 8080 (http)
2018-10-27 15:48:37.938  INFO 12616 --- [restartedMain] o.apache.catalina.core.StandardService   : Starting service [Tomcat]
2018-10-27 15:48:37.938  INFO 12616 --- [restartedMain] org.apache.catalina.core.StandardEngine  : Starting Servlet Engine: Apache Tomcat/8.5.34
2018-10-27 15:48:37.941  INFO 12616 --- [localhost-startStop-1] o.a.catalina.core.AprLifecycleListener   : The APR based Apache Tomcat Native library which allows optimal performance in production environments was not found on the java.library.path: [G:\studaytools\Java\jdk\bin;C:\WINDOWS\Sun\Java\bin;C:\WINDOWS\system32;C:\WINDOWS;C:\ProgramData\Oracle\Java\javapath;C:\Program Files (x86)\Intel\iCLS Client\;C:\Program Files\Intel\iCLS Client\;C:\Windows\system32;C:\Windows;C:\Windows\System32\Wbem;C:\Windows\System32\WindowsPowerShell\v1.0\;C:\Program Files (x86)\NVIDIA Corporation\PhysX\Common;C:\Program Files (x86)\Intel\Intel(R) Management Engine Components\DAL;C:\Program Files\Intel\Intel(R) Management Engine Components\DAL;C:\Program Files (x86)\Intel\Intel(R) Management Engine Components\IPT;C:\Program Files\Intel\Intel(R) Management Engine Components\IPT;G:\studaytools\java7\jdk\bin;G:\studaytools\java7\jre\bin;C:\Program Files\Common Files\Intel\WirelessCommon\;C:\WINDOWS\system32;C:\WINDOWS;C:\WINDOWS\System32\Wbem;C:\WINDOWS\System32\WindowsPowerShell\v1.0\;G:\svn\bin;G:\git\gitgui\bin;C:\Users\xiaolin\.gradle\wrapper\dists\gradle-3.3-all\55gk2rcmfc6p2dg9u9ohc3hw9\gradle-3.3\bin;C:\Users\xiaolin\AppData\Local\Android\Sdk\platform-tools\;G:\studaytools\nodejs\;G:\mysql\bin;G:\studaytools\nodejs\node_global;C:\Program Files\Intel\WiFi\bin\;G:\studaytools\Python27;G:\studaytools\JAVATOOL\mysql\bin;G:\studaytools\JAVATOOL\mysql\workspeace\bin;G:\studaytools\apache-maven-3.5.2\bin;G:\studaytools\groovy\groovy-2.4.13\bin;C:\ProgramData\chocolatey\bin;C:\WINDOWS\System32\OpenSSH\;G:\Redis\;C:\WINDOWS\system32\config\systemprofile\.dnx\bin;C:\Program Files\Microsoft DNX\Dnvm\;C:\Program Files\Microsoft SQL Server\130\Tools\Binn\;C:\Program Files (x86)\Windows Kits\8.1\Windows Performance Toolkit\;G:\studaytools\Clion\MinGW\bin;G:\flutter\flutter\bin;G:\git\Git\bin;C:\Program Files\Intel\WiFi\bin\;C:\Program Files\Common Files\Intel\WirelessCommon\;C:\Users\xiaolin\AppData\Local\Microsoft\WindowsApps;;C:\Users\xiaolin\AppData\Local\Programs\Fiddler;C:\Users\xiaolin\AppData\Roaming\npm;C:\Users\xiaolin\AppData\Local\Microsoft\WindowsApps;C:\Program Files\Intel\WiFi\bin\;C:\Program Files\Common Files\Intel\WirelessCommon\;.]
2018-10-27 15:48:38.020  INFO 12616 --- [localhost-startStop-1] o.a.c.c.C.[Tomcat].[localhost].[/]       : Initializing Spring embedded WebApplicationContext
2018-10-27 15:48:38.020  INFO 12616 --- [localhost-startStop-1] o.s.web.context.ContextLoader            : Root WebApplicationContext: initialization completed in 2359 ms
2018-10-27 15:48:38.100  INFO 12616 --- [localhost-startStop-1] o.s.b.w.servlet.ServletRegistrationBean  : Servlet dispatcherServlet mapped to [/]
2018-10-27 15:48:38.101  INFO 12616 --- [localhost-startStop-1] o.s.b.w.servlet.ServletRegistrationBean  : Servlet statViewServlet mapped to [/druid/*]
2018-10-27 15:48:38.104  INFO 12616 --- [localhost-startStop-1] o.s.b.w.servlet.FilterRegistrationBean   : Mapping filter: 'characterEncodingFilter' to: [/*]
2018-10-27 15:48:38.104  INFO 12616 --- [localhost-startStop-1] o.s.b.w.servlet.FilterRegistrationBean   : Mapping filter: 'hiddenHttpMethodFilter' to: [/*]
2018-10-27 15:48:38.104  INFO 12616 --- [localhost-startStop-1] o.s.b.w.servlet.FilterRegistrationBean   : Mapping filter: 'httpPutFormContentFilter' to: [/*]
2018-10-27 15:48:38.104  INFO 12616 --- [localhost-startStop-1] o.s.b.w.servlet.FilterRegistrationBean   : Mapping filter: 'requestContextFilter' to: [/*]
2018-10-27 15:48:38.104  INFO 12616 --- [localhost-startStop-1] o.s.b.w.servlet.FilterRegistrationBean   : Mapping filter: 'webStatFilter' to urls: [/*]
2018-10-27 15:48:38.231  INFO 12616 --- [restartedMain] c.a.d.s.b.a.DruidDataSourceAutoConfigure : Init DruidDataSource
2018-10-27 15:48:38.369  INFO 12616 --- [restartedMain] com.alibaba.druid.pool.DruidDataSource   : {dataSource-1} inited
2018-10-27 15:48:38.923  WARN 12616 --- [restartedMain] c.b.m.core.toolkit.TableInfoHelper       : Warn: Could not find @TableId in Class: com.lyf.mybatisplusstudy.sys.entity.Student.
2018-10-27 15:48:39.164  INFO 12616 --- [restartedMain] o.s.w.s.handler.SimpleUrlHandlerMapping  : Mapped URL path [/**/favicon.ico] onto handler of type [class org.springframework.web.servlet.resource.ResourceHttpRequestHandler]
2018-10-27 15:48:39.317  INFO 12616 --- [restartedMain] s.w.s.m.m.a.RequestMappingHandlerAdapter : Looking for @ControllerAdvice: org.springframework.boot.web.servlet.context.AnnotationConfigServletWebServerApplicationContext@7839d162: startup date [Sat Oct 27 15:48:35 CST 2018]; root of context hierarchy
2018-10-27 15:48:39.324  INFO 12616 --- [restartedMain] s.w.s.m.m.a.RequestMappingHandlerAdapter : Detected @InitBinder methods in exceptionHandlerAdvice
2018-10-27 15:48:39.324  INFO 12616 --- [restartedMain] s.w.s.m.m.a.RequestMappingHandlerAdapter : Detected ResponseBodyAdvice bean in exceptionHandlerAdvice
2018-10-27 15:48:39.324  INFO 12616 --- [restartedMain] s.w.s.m.m.a.RequestMappingHandlerAdapter : Detected RequestBodyAdvice bean in logRequestBodyAdvice
2018-10-27 15:48:39.324  INFO 12616 --- [restartedMain] s.w.s.m.m.a.RequestMappingHandlerAdapter : Detected ResponseBodyAdvice bean in logResponseBodyAdvice
2018-10-27 15:48:39.370  INFO 12616 --- [restartedMain] s.w.s.m.m.a.RequestMappingHandlerMapping : Mapped "{[/sys/orders/findOrdersUser],methods=[POST]}" onto public com.lyf.mybatisplusstudy.utils.Result com.lyf.mybatisplusstudy.sys.controller.OrdersController.findOrdersUser()
2018-10-27 15:48:39.371  INFO 12616 --- [restartedMain] s.w.s.m.m.a.RequestMappingHandlerMapping : Mapped "{[/sys/orders/findOrdersUserResultMap],methods=[POST]}" onto public com.lyf.mybatisplusstudy.utils.Result com.lyf.mybatisplusstudy.sys.controller.OrdersController.findOrdersUserResultMap()
2018-10-27 15:48:39.371  INFO 12616 --- [restartedMain] s.w.s.m.m.a.RequestMappingHandlerMapping : Mapped "{[/sys/orders/findUserAndItemsResultMap],methods=[POST]}" onto public com.lyf.mybatisplusstudy.utils.Result com.lyf.mybatisplusstudy.sys.controller.OrdersController.findUserAndItemsResultMap()
2018-10-27 15:48:39.372  INFO 12616 --- [restartedMain] s.w.s.m.m.a.RequestMappingHandlerMapping : Mapped "{[/sys/orders/findOrdersAndOrderDetailResultMap],methods=[POST]}" onto public com.lyf.mybatisplusstudy.utils.Result com.lyf.mybatisplusstudy.sys.controller.OrdersController.findOrdersAndOrderDetailResultMap()
2018-10-27 15:48:39.375  INFO 12616 --- [restartedMain] s.w.s.m.m.a.RequestMappingHandlerMapping : Mapped "{[/sys/person/update],methods=[POST]}" onto public void com.lyf.mybatisplusstudy.sys.controller.PersonController.update()
2018-10-27 15:48:39.375  INFO 12616 --- [restartedMain] s.w.s.m.m.a.RequestMappingHandlerMapping : Mapped "{[/sys/person/delete],methods=[POST]}" onto public void com.lyf.mybatisplusstudy.sys.controller.PersonController.delete()
2018-10-27 15:48:39.377  INFO 12616 --- [restartedMain] s.w.s.m.m.a.RequestMappingHandlerMapping : Mapped "{[/sys/person/insert],methods=[POST]}" onto public void com.lyf.mybatisplusstudy.sys.controller.PersonController.insert(com.lyf.mybatisplusstudy.sys.entity.Person)
2018-10-27 15:48:39.378  INFO 12616 --- [restartedMain] s.w.s.m.m.a.RequestMappingHandlerMapping : Mapped "{[/sys/person/selectpage],methods=[POST]}" onto public java.util.List<com.lyf.mybatisplusstudy.sys.entity.Person> com.lyf.mybatisplusstudy.sys.controller.PersonController.select(int,int)
2018-10-27 15:48:39.378  INFO 12616 --- [restartedMain] s.w.s.m.m.a.RequestMappingHandlerMapping : Mapped "{[/sys/person/select],methods=[POST]}" onto public com.lyf.mybatisplusstudy.utils.Result com.lyf.mybatisplusstudy.sys.controller.PersonController.select()
2018-10-27 15:48:39.381  INFO 12616 --- [restartedMain] s.w.s.m.m.a.RequestMappingHandlerMapping : Mapped "{[/sys/user/select],methods=[POST]}" onto public java.util.List<com.lyf.mybatisplusstudy.sys.entity.User> com.lyf.mybatisplusstudy.sys.controller.UserController.select(java.lang.String)
2018-10-27 15:48:39.382  INFO 12616 --- [restartedMain] s.w.s.m.m.a.RequestMappingHandlerMapping : Mapped "{[/sys/user/insert],methods=[POST]}" onto public void com.lyf.mybatisplusstudy.sys.controller.UserController.insertUserInfo(com.lyf.mybatisplusstudy.sys.entity.User)
2018-10-27 15:48:39.382  INFO 12616 --- [restartedMain] s.w.s.m.m.a.RequestMappingHandlerMapping : Mapped "{[/sys/user/update],methods=[POST]}" onto public void com.lyf.mybatisplusstudy.sys.controller.UserController.updateUserInfo(com.lyf.mybatisplusstudy.sys.entity.User)
2018-10-27 15:48:39.382  INFO 12616 --- [restartedMain] s.w.s.m.m.a.RequestMappingHandlerMapping : Mapped "{[/sys/user/delete],methods=[POST]}" onto public void com.lyf.mybatisplusstudy.sys.controller.UserController.deleteUserInfo(long)
2018-10-27 15:48:39.383  INFO 12616 --- [restartedMain] s.w.s.m.m.a.RequestMappingHandlerMapping : Mapped "{[/sys/user/selectOne],methods=[POST]}" onto public com.lyf.mybatisplusstudy.sys.entity.User com.lyf.mybatisplusstudy.sys.controller.UserController.selectOne(int)
2018-10-27 15:48:39.386  INFO 12616 --- [restartedMain] s.w.s.m.m.a.RequestMappingHandlerMapping : Mapped "{[/error]}" onto public org.springframework.http.ResponseEntity<java.util.Map<java.lang.String, java.lang.Object>> org.springframework.boot.autoconfigure.web.servlet.error.BasicErrorController.error(javax.servlet.http.HttpServletRequest)
2018-10-27 15:48:39.386  INFO 12616 --- [restartedMain] s.w.s.m.m.a.RequestMappingHandlerMapping : Mapped "{[/error],produces=[text/html]}" onto public org.springframework.web.servlet.ModelAndView org.springframework.boot.autoconfigure.web.servlet.error.BasicErrorController.errorHtml(javax.servlet.http.HttpServletRequest,javax.servlet.http.HttpServletResponse)
2018-10-27 15:48:39.412  INFO 12616 --- [restartedMain] o.s.w.s.handler.SimpleUrlHandlerMapping  : Mapped URL path [/webjars/**] onto handler of type [class org.springframework.web.servlet.resource.ResourceHttpRequestHandler]
2018-10-27 15:48:39.412  INFO 12616 --- [restartedMain] o.s.w.s.handler.SimpleUrlHandlerMapping  : Mapped URL path [/**] onto handler of type [class org.springframework.web.servlet.resource.ResourceHttpRequestHandler]
2018-10-27 15:48:39.426  INFO 12616 --- [restartedMain] .m.m.a.ExceptionHandlerExceptionResolver : Detected @ExceptionHandler methods in exceptionHandlerAdvice
2018-10-27 15:48:39.427  INFO 12616 --- [restartedMain] .m.m.a.ExceptionHandlerExceptionResolver : Detected ResponseBodyAdvice implementation in exceptionHandlerAdvice
2018-10-27 15:48:39.427  INFO 12616 --- [restartedMain] .m.m.a.ExceptionHandlerExceptionResolver : Detected ResponseBodyAdvice implementation in logResponseBodyAdvice
2018-10-27 15:48:39.547  INFO 12616 --- [restartedMain] o.s.ui.freemarker.SpringTemplateLoader   : SpringTemplateLoader for FreeMarker: using resource loader [org.springframework.boot.web.servlet.context.AnnotationConfigServletWebServerApplicationContext@7839d162: startup date [Sat Oct 27 15:48:35 CST 2018]; root of context hierarchy] and template loader path [classpath:/templates/]
2018-10-27 15:48:39.548  INFO 12616 --- [restartedMain] o.s.w.s.v.f.FreeMarkerConfigurer         : ClassTemplateLoader for Spring macros added to FreeMarker configuration
2018-10-27 15:48:39.721  INFO 12616 --- [restartedMain] o.s.b.d.a.OptionalLiveReloadServer       : LiveReload server is running on port 35729
2018-10-27 15:48:39.764  INFO 12616 --- [restartedMain] o.s.j.e.a.AnnotationMBeanExporter        : Registering beans for JMX exposure on startup
2018-10-27 15:48:39.767  INFO 12616 --- [restartedMain] o.s.j.e.a.AnnotationMBeanExporter        : Bean with name 'statFilter' has been autodetected for JMX exposure
2018-10-27 15:48:39.767  INFO 12616 --- [restartedMain] o.s.j.e.a.AnnotationMBeanExporter        : Bean with name 'dataSource' has been autodetected for JMX exposure
2018-10-27 15:48:39.772  INFO 12616 --- [restartedMain] o.s.j.e.a.AnnotationMBeanExporter        : Located MBean 'dataSource': registering with JMX server as MBean [com.alibaba.druid.spring.boot.autoconfigure:name=dataSource,type=DruidDataSourceWrapper]
2018-10-27 15:48:39.772  INFO 12616 --- [restartedMain] o.s.j.e.a.AnnotationMBeanExporter        : Located MBean 'statFilter': registering with JMX server as MBean [com.alibaba.druid.filter.stat:name=statFilter,type=StatFilter]
2018-10-27 15:48:39.824  INFO 12616 --- [restartedMain] o.s.b.w.embedded.tomcat.TomcatWebServer  : Tomcat started on port(s): 8080 (http) with context path ''
2018-10-27 15:48:39.828  INFO 12616 --- [restartedMain] c.l.m.MybatisplusstudyApplication        : Started MybatisplusstudyApplication in 5.339 seconds (JVM running for 6.132)
2018-10-27 15:49:06.962  INFO 12616 --- [http-nio-8080-exec-2] o.a.c.c.C.[Tomcat].[localhost].[/]       : Initializing Spring FrameworkServlet 'dispatcherServlet'
2018-10-27 15:49:06.963  INFO 12616 --- [http-nio-8080-exec-2] o.s.web.servlet.DispatcherServlet        : FrameworkServlet 'dispatcherServlet': initialization started
2018-10-27 15:49:06.984  INFO 12616 --- [http-nio-8080-exec-2] o.s.web.servlet.DispatcherServlet        : FrameworkServlet 'dispatcherServlet': initialization completed in 21 ms
2018-10-27 15:59:00.341  INFO 12216 --- [restartedMain] c.l.m.MybatisplusstudyApplication        : Starting MybatisplusstudyApplication on DESKTOP-T0RAS0O with PID 12216 (E:\SpringBootSpringColud\study\mybatisplusstudy\target\classes started by xiaolin in E:\SpringBootSpringColud\study\mybatisplusstudy)
2018-10-27 15:59:00.347  INFO 12216 --- [restartedMain] c.l.m.MybatisplusstudyApplication        : No active profile set, falling back to default profiles: default
2018-10-27 15:59:00.438  INFO 12216 --- [restartedMain] ConfigServletWebServerApplicationContext : Refreshing org.springframework.boot.web.servlet.context.AnnotationConfigServletWebServerApplicationContext@30352598: startup date [Sat Oct 27 15:59:00 CST 2018]; root of context hierarchy
2018-10-27 15:59:01.422  WARN 12216 --- [restartedMain] o.m.s.mapper.ClassPathMapperScanner      : Skipping MapperFactoryBean with name 'itemsMapper' and 'com.lyf.mybatisplusstudy.sys.mapper.ItemsMapper' mapperInterface. Bean already defined with the same name!
2018-10-27 15:59:01.422  WARN 12216 --- [restartedMain] o.m.s.mapper.ClassPathMapperScanner      : Skipping MapperFactoryBean with name 'orderdetailMapper' and 'com.lyf.mybatisplusstudy.sys.mapper.OrderdetailMapper' mapperInterface. Bean already defined with the same name!
2018-10-27 15:59:01.422  WARN 12216 --- [restartedMain] o.m.s.mapper.ClassPathMapperScanner      : Skipping MapperFactoryBean with name 'ordersMapper' and 'com.lyf.mybatisplusstudy.sys.mapper.OrdersMapper' mapperInterface. Bean already defined with the same name!
2018-10-27 15:59:01.422  WARN 12216 --- [restartedMain] o.m.s.mapper.ClassPathMapperScanner      : Skipping MapperFactoryBean with name 'personMapper' and 'com.lyf.mybatisplusstudy.sys.mapper.PersonMapper' mapperInterface. Bean already defined with the same name!
2018-10-27 15:59:01.422  WARN 12216 --- [restartedMain] o.m.s.mapper.ClassPathMapperScanner      : Skipping MapperFactoryBean with name 'studentMapper' and 'com.lyf.mybatisplusstudy.sys.mapper.StudentMapper' mapperInterface. Bean already defined with the same name!
2018-10-27 15:59:01.422  WARN 12216 --- [restartedMain] o.m.s.mapper.ClassPathMapperScanner      : Skipping MapperFactoryBean with name 'TUserMapper' and 'com.lyf.mybatisplusstudy.sys.mapper.TUserMapper' mapperInterface. Bean already defined with the same name!
2018-10-27 15:59:01.423  WARN 12216 --- [restartedMain] o.m.s.mapper.ClassPathMapperScanner      : Skipping MapperFactoryBean with name 'userMapper' and 'com.lyf.mybatisplusstudy.sys.mapper.UserMapper' mapperInterface. Bean already defined with the same name!
2018-10-27 15:59:01.423  WARN 12216 --- [restartedMain] o.m.s.mapper.ClassPathMapperScanner      : No MyBatis mapper was found in '[com.lyf.mybatisplusstudy.sys.mapper]' package. Please check your configuration.
2018-10-27 15:59:02.787  INFO 12216 --- [restartedMain] o.s.b.w.embedded.tomcat.TomcatWebServer  : Tomcat initialized with port(s): 8080 (http)
2018-10-27 15:59:02.811  INFO 12216 --- [restartedMain] o.apache.catalina.core.StandardService   : Starting service [Tomcat]
2018-10-27 15:59:02.811  INFO 12216 --- [restartedMain] org.apache.catalina.core.StandardEngine  : Starting Servlet Engine: Apache Tomcat/8.5.34
2018-10-27 15:59:02.815  INFO 12216 --- [localhost-startStop-1] o.a.catalina.core.AprLifecycleListener   : The APR based Apache Tomcat Native library which allows optimal performance in production environments was not found on the java.library.path: [G:\studaytools\Java\jdk\bin;C:\WINDOWS\Sun\Java\bin;C:\WINDOWS\system32;C:\WINDOWS;C:\ProgramData\Oracle\Java\javapath;C:\Program Files (x86)\Intel\iCLS Client\;C:\Program Files\Intel\iCLS Client\;C:\Windows\system32;C:\Windows;C:\Windows\System32\Wbem;C:\Windows\System32\WindowsPowerShell\v1.0\;C:\Program Files (x86)\NVIDIA Corporation\PhysX\Common;C:\Program Files (x86)\Intel\Intel(R) Management Engine Components\DAL;C:\Program Files\Intel\Intel(R) Management Engine Components\DAL;C:\Program Files (x86)\Intel\Intel(R) Management Engine Components\IPT;C:\Program Files\Intel\Intel(R) Management Engine Components\IPT;G:\studaytools\java7\jdk\bin;G:\studaytools\java7\jre\bin;C:\Program Files\Common Files\Intel\WirelessCommon\;C:\WINDOWS\system32;C:\WINDOWS;C:\WINDOWS\System32\Wbem;C:\WINDOWS\System32\WindowsPowerShell\v1.0\;G:\svn\bin;G:\git\gitgui\bin;C:\Users\xiaolin\.gradle\wrapper\dists\gradle-3.3-all\55gk2rcmfc6p2dg9u9ohc3hw9\gradle-3.3\bin;C:\Users\xiaolin\AppData\Local\Android\Sdk\platform-tools\;G:\studaytools\nodejs\;G:\mysql\bin;G:\studaytools\nodejs\node_global;C:\Program Files\Intel\WiFi\bin\;G:\studaytools\Python27;G:\studaytools\JAVATOOL\mysql\bin;G:\studaytools\JAVATOOL\mysql\workspeace\bin;G:\studaytools\apache-maven-3.5.2\bin;G:\studaytools\groovy\groovy-2.4.13\bin;C:\ProgramData\chocolatey\bin;C:\WINDOWS\System32\OpenSSH\;G:\Redis\;C:\WINDOWS\system32\config\systemprofile\.dnx\bin;C:\Program Files\Microsoft DNX\Dnvm\;C:\Program Files\Microsoft SQL Server\130\Tools\Binn\;C:\Program Files (x86)\Windows Kits\8.1\Windows Performance Toolkit\;G:\studaytools\Clion\MinGW\bin;G:\flutter\flutter\bin;G:\git\Git\bin;C:\Program Files\Intel\WiFi\bin\;C:\Program Files\Common Files\Intel\WirelessCommon\;C:\Users\xiaolin\AppData\Local\Microsoft\WindowsApps;;C:\Users\xiaolin\AppData\Local\Programs\Fiddler;C:\Users\xiaolin\AppData\Roaming\npm;C:\Users\xiaolin\AppData\Local\Microsoft\WindowsApps;C:\Program Files\Intel\WiFi\bin\;C:\Program Files\Common Files\Intel\WirelessCommon\;.]
2018-10-27 15:59:02.905  INFO 12216 --- [localhost-startStop-1] o.a.c.c.C.[Tomcat].[localhost].[/]       : Initializing Spring embedded WebApplicationContext
2018-10-27 15:59:02.905  INFO 12216 --- [localhost-startStop-1] o.s.web.context.ContextLoader            : Root WebApplicationContext: initialization completed in 2467 ms
2018-10-27 15:59:03.009  INFO 12216 --- [localhost-startStop-1] o.s.b.w.servlet.ServletRegistrationBean  : Servlet dispatcherServlet mapped to [/]
2018-10-27 15:59:03.011  INFO 12216 --- [localhost-startStop-1] o.s.b.w.servlet.ServletRegistrationBean  : Servlet statViewServlet mapped to [/druid/*]
2018-10-27 15:59:03.014  INFO 12216 --- [localhost-startStop-1] o.s.b.w.servlet.FilterRegistrationBean   : Mapping filter: 'characterEncodingFilter' to: [/*]
2018-10-27 15:59:03.014  INFO 12216 --- [localhost-startStop-1] o.s.b.w.servlet.FilterRegistrationBean   : Mapping filter: 'hiddenHttpMethodFilter' to: [/*]
2018-10-27 15:59:03.016  INFO 12216 --- [localhost-startStop-1] o.s.b.w.servlet.FilterRegistrationBean   : Mapping filter: 'httpPutFormContentFilter' to: [/*]
2018-10-27 15:59:03.017  INFO 12216 --- [localhost-startStop-1] o.s.b.w.servlet.FilterRegistrationBean   : Mapping filter: 'requestContextFilter' to: [/*]
2018-10-27 15:59:03.017  INFO 12216 --- [localhost-startStop-1] o.s.b.w.servlet.FilterRegistrationBean   : Mapping filter: 'webStatFilter' to urls: [/*]
2018-10-27 15:59:03.154  INFO 12216 --- [restartedMain] c.a.d.s.b.a.DruidDataSourceAutoConfigure : Init DruidDataSource
2018-10-27 15:59:03.307  INFO 12216 --- [restartedMain] com.alibaba.druid.pool.DruidDataSource   : {dataSource-1} inited
2018-10-27 15:59:03.887  WARN 12216 --- [restartedMain] c.b.m.core.toolkit.TableInfoHelper       : Warn: Could not find @TableId in Class: com.lyf.mybatisplusstudy.sys.entity.Student.
2018-10-27 15:59:04.159  INFO 12216 --- [restartedMain] o.s.w.s.handler.SimpleUrlHandlerMapping  : Mapped URL path [/**/favicon.ico] onto handler of type [class org.springframework.web.servlet.resource.ResourceHttpRequestHandler]
2018-10-27 15:59:04.365  INFO 12216 --- [restartedMain] s.w.s.m.m.a.RequestMappingHandlerAdapter : Looking for @ControllerAdvice: org.springframework.boot.web.servlet.context.AnnotationConfigServletWebServerApplicationContext@30352598: startup date [Sat Oct 27 15:59:00 CST 2018]; root of context hierarchy
2018-10-27 15:59:04.372  INFO 12216 --- [restartedMain] s.w.s.m.m.a.RequestMappingHandlerAdapter : Detected @InitBinder methods in exceptionHandlerAdvice
2018-10-27 15:59:04.372  INFO 12216 --- [restartedMain] s.w.s.m.m.a.RequestMappingHandlerAdapter : Detected ResponseBodyAdvice bean in exceptionHandlerAdvice
2018-10-27 15:59:04.373  INFO 12216 --- [restartedMain] s.w.s.m.m.a.RequestMappingHandlerAdapter : Detected RequestBodyAdvice bean in logRequestBodyAdvice
2018-10-27 15:59:04.373  INFO 12216 --- [restartedMain] s.w.s.m.m.a.RequestMappingHandlerAdapter : Detected ResponseBodyAdvice bean in logResponseBodyAdvice
2018-10-27 15:59:04.423  INFO 12216 --- [restartedMain] s.w.s.m.m.a.RequestMappingHandlerMapping : Mapped "{[/sys/orders/findOrdersUserResultMap],methods=[POST]}" onto public com.lyf.mybatisplusstudy.utils.Result com.lyf.mybatisplusstudy.sys.controller.OrdersController.findOrdersUserResultMap()
2018-10-27 15:59:04.425  INFO 12216 --- [restartedMain] s.w.s.m.m.a.RequestMappingHandlerMapping : Mapped "{[/sys/orders/findUserAndItemsResultMap],methods=[POST]}" onto public com.lyf.mybatisplusstudy.utils.Result com.lyf.mybatisplusstudy.sys.controller.OrdersController.findUserAndItemsResultMap()
2018-10-27 15:59:04.425  INFO 12216 --- [restartedMain] s.w.s.m.m.a.RequestMappingHandlerMapping : Mapped "{[/sys/orders/findOrdersAndOrderDetailResultMap],methods=[POST]}" onto public com.lyf.mybatisplusstudy.utils.Result com.lyf.mybatisplusstudy.sys.controller.OrdersController.findOrdersAndOrderDetailResultMap()
2018-10-27 15:59:04.426  INFO 12216 --- [restartedMain] s.w.s.m.m.a.RequestMappingHandlerMapping : Mapped "{[/sys/orders/findOrdersUser],methods=[POST]}" onto public com.lyf.mybatisplusstudy.utils.Result com.lyf.mybatisplusstudy.sys.controller.OrdersController.findOrdersUser()
2018-10-27 15:59:04.429  INFO 12216 --- [restartedMain] s.w.s.m.m.a.RequestMappingHandlerMapping : Mapped "{[/sys/person/update],methods=[POST]}" onto public void com.lyf.mybatisplusstudy.sys.controller.PersonController.update()
2018-10-27 15:59:04.430  INFO 12216 --- [restartedMain] s.w.s.m.m.a.RequestMappingHandlerMapping : Mapped "{[/sys/person/delete],methods=[POST]}" onto public void com.lyf.mybatisplusstudy.sys.controller.PersonController.delete()
2018-10-27 15:59:04.431  INFO 12216 --- [restartedMain] s.w.s.m.m.a.RequestMappingHandlerMapping : Mapped "{[/sys/person/insert],methods=[POST]}" onto public void com.lyf.mybatisplusstudy.sys.controller.PersonController.insert(com.lyf.mybatisplusstudy.sys.entity.Person)
2018-10-27 15:59:04.432  INFO 12216 --- [restartedMain] s.w.s.m.m.a.RequestMappingHandlerMapping : Mapped "{[/sys/person/selectpage],methods=[POST]}" onto public java.util.List<com.lyf.mybatisplusstudy.sys.entity.Person> com.lyf.mybatisplusstudy.sys.controller.PersonController.select(int,int)
2018-10-27 15:59:04.432  INFO 12216 --- [restartedMain] s.w.s.m.m.a.RequestMappingHandlerMapping : Mapped "{[/sys/person/select],methods=[POST]}" onto public com.lyf.mybatisplusstudy.utils.Result com.lyf.mybatisplusstudy.sys.controller.PersonController.select()
2018-10-27 15:59:04.434  INFO 12216 --- [restartedMain] s.w.s.m.m.a.RequestMappingHandlerMapping : Mapped "{[/sys/user/select],methods=[POST]}" onto public java.util.List<com.lyf.mybatisplusstudy.sys.entity.User> com.lyf.mybatisplusstudy.sys.controller.UserController.select(java.lang.String)
2018-10-27 15:59:04.434  INFO 12216 --- [restartedMain] s.w.s.m.m.a.RequestMappingHandlerMapping : Mapped "{[/sys/user/insert],methods=[POST]}" onto public void com.lyf.mybatisplusstudy.sys.controller.UserController.insertUserInfo(com.lyf.mybatisplusstudy.sys.entity.User)
2018-10-27 15:59:04.435  INFO 12216 --- [restartedMain] s.w.s.m.m.a.RequestMappingHandlerMapping : Mapped "{[/sys/user/update],methods=[POST]}" onto public void com.lyf.mybatisplusstudy.sys.controller.UserController.updateUserInfo(com.lyf.mybatisplusstudy.sys.entity.User)
2018-10-27 15:59:04.435  INFO 12216 --- [restartedMain] s.w.s.m.m.a.RequestMappingHandlerMapping : Mapped "{[/sys/user/selectOne],methods=[POST]}" onto public com.lyf.mybatisplusstudy.sys.entity.User com.lyf.mybatisplusstudy.sys.controller.UserController.selectOne(int)
2018-10-27 15:59:04.435  INFO 12216 --- [restartedMain] s.w.s.m.m.a.RequestMappingHandlerMapping : Mapped "{[/sys/user/delete],methods=[POST]}" onto public void com.lyf.mybatisplusstudy.sys.controller.UserController.deleteUserInfo(long)
2018-10-27 15:59:04.441  INFO 12216 --- [restartedMain] s.w.s.m.m.a.RequestMappingHandlerMapping : Mapped "{[/error]}" onto public org.springframework.http.ResponseEntity<java.util.Map<java.lang.String, java.lang.Object>> org.springframework.boot.autoconfigure.web.servlet.error.BasicErrorController.error(javax.servlet.http.HttpServletRequest)
2018-10-27 15:59:04.441  INFO 12216 --- [restartedMain] s.w.s.m.m.a.RequestMappingHandlerMapping : Mapped "{[/error],produces=[text/html]}" onto public org.springframework.web.servlet.ModelAndView org.springframework.boot.autoconfigure.web.servlet.error.BasicErrorController.errorHtml(javax.servlet.http.HttpServletRequest,javax.servlet.http.HttpServletResponse)
2018-10-27 15:59:04.462  INFO 12216 --- [restartedMain] o.s.w.s.handler.SimpleUrlHandlerMapping  : Mapped URL path [/webjars/**] onto handler of type [class org.springframework.web.servlet.resource.ResourceHttpRequestHandler]
2018-10-27 15:59:04.462  INFO 12216 --- [restartedMain] o.s.w.s.handler.SimpleUrlHandlerMapping  : Mapped URL path [/**] onto handler of type [class org.springframework.web.servlet.resource.ResourceHttpRequestHandler]
2018-10-27 15:59:04.478  INFO 12216 --- [restartedMain] .m.m.a.ExceptionHandlerExceptionResolver : Detected @ExceptionHandler methods in exceptionHandlerAdvice
2018-10-27 15:59:04.478  INFO 12216 --- [restartedMain] .m.m.a.ExceptionHandlerExceptionResolver : Detected ResponseBodyAdvice implementation in exceptionHandlerAdvice
2018-10-27 15:59:04.478  INFO 12216 --- [restartedMain] .m.m.a.ExceptionHandlerExceptionResolver : Detected ResponseBodyAdvice implementation in logResponseBodyAdvice
2018-10-27 15:59:04.623  INFO 12216 --- [restartedMain] o.s.ui.freemarker.SpringTemplateLoader   : SpringTemplateLoader for FreeMarker: using resource loader [org.springframework.boot.web.servlet.context.AnnotationConfigServletWebServerApplicationContext@30352598: startup date [Sat Oct 27 15:59:00 CST 2018]; root of context hierarchy] and template loader path [classpath:/templates/]
2018-10-27 15:59:04.627  INFO 12216 --- [restartedMain] o.s.w.s.v.f.FreeMarkerConfigurer         : ClassTemplateLoader for Spring macros added to FreeMarker configuration
2018-10-27 15:59:04.839  INFO 12216 --- [restartedMain] o.s.b.d.a.OptionalLiveReloadServer       : LiveReload server is running on port 35729
2018-10-27 15:59:04.898  INFO 12216 --- [restartedMain] o.s.j.e.a.AnnotationMBeanExporter        : Registering beans for JMX exposure on startup
2018-10-27 15:59:04.899  INFO 12216 --- [restartedMain] o.s.j.e.a.AnnotationMBeanExporter        : Bean with name 'statFilter' has been autodetected for JMX exposure
2018-10-27 15:59:04.899  INFO 12216 --- [restartedMain] o.s.j.e.a.AnnotationMBeanExporter        : Bean with name 'dataSource' has been autodetected for JMX exposure
2018-10-27 15:59:04.903  INFO 12216 --- [restartedMain] o.s.j.e.a.AnnotationMBeanExporter        : Located MBean 'dataSource': registering with JMX server as MBean [com.alibaba.druid.spring.boot.autoconfigure:name=dataSource,type=DruidDataSourceWrapper]
2018-10-27 15:59:04.904  INFO 12216 --- [restartedMain] o.s.j.e.a.AnnotationMBeanExporter        : Located MBean 'statFilter': registering with JMX server as MBean [com.alibaba.druid.filter.stat:name=statFilter,type=StatFilter]
2018-10-27 15:59:04.941  INFO 12216 --- [restartedMain] o.s.b.w.embedded.tomcat.TomcatWebServer  : Tomcat started on port(s): 8080 (http) with context path ''
2018-10-27 15:59:04.945  INFO 12216 --- [restartedMain] c.l.m.MybatisplusstudyApplication        : Started MybatisplusstudyApplication in 5.86 seconds (JVM running for 7.911)
2018-10-27 15:59:12.689  INFO 12216 --- [http-nio-8080-exec-2] o.a.c.c.C.[Tomcat].[localhost].[/]       : Initializing Spring FrameworkServlet 'dispatcherServlet'
2018-10-27 15:59:12.690  INFO 12216 --- [http-nio-8080-exec-2] o.s.web.servlet.DispatcherServlet        : FrameworkServlet 'dispatcherServlet': initialization started
2018-10-27 15:59:12.715  INFO 12216 --- [http-nio-8080-exec-2] o.s.web.servlet.DispatcherServlet        : FrameworkServlet 'dispatcherServlet': initialization completed in 25 ms
2018-10-27 16:00:23.402  INFO 9980 --- [restartedMain] c.l.m.MybatisplusstudyApplication        : Starting MybatisplusstudyApplication on DESKTOP-T0RAS0O with PID 9980 (E:\SpringBootSpringColud\study\mybatisplusstudy\target\classes started by xiaolin in E:\SpringBootSpringColud\study\mybatisplusstudy)
2018-10-27 16:00:23.404  INFO 9980 --- [restartedMain] c.l.m.MybatisplusstudyApplication        : No active profile set, falling back to default profiles: default
2018-10-27 16:00:23.457  INFO 9980 --- [restartedMain] ConfigServletWebServerApplicationContext : Refreshing org.springframework.boot.web.servlet.context.AnnotationConfigServletWebServerApplicationContext@1a848868: startup date [Sat Oct 27 16:00:23 CST 2018]; root of context hierarchy
2018-10-27 16:00:24.560  WARN 9980 --- [restartedMain] o.m.s.mapper.ClassPathMapperScanner      : Skipping MapperFactoryBean with name 'itemsMapper' and 'com.lyf.mybatisplusstudy.sys.mapper.ItemsMapper' mapperInterface. Bean already defined with the same name!
2018-10-27 16:00:24.560  WARN 9980 --- [restartedMain] o.m.s.mapper.ClassPathMapperScanner      : Skipping MapperFactoryBean with name 'orderdetailMapper' and 'com.lyf.mybatisplusstudy.sys.mapper.OrderdetailMapper' mapperInterface. Bean already defined with the same name!
2018-10-27 16:00:24.560  WARN 9980 --- [restartedMain] o.m.s.mapper.ClassPathMapperScanner      : Skipping MapperFactoryBean with name 'ordersMapper' and 'com.lyf.mybatisplusstudy.sys.mapper.OrdersMapper' mapperInterface. Bean already defined with the same name!
2018-10-27 16:00:24.560  WARN 9980 --- [restartedMain] o.m.s.mapper.ClassPathMapperScanner      : Skipping MapperFactoryBean with name 'personMapper' and 'com.lyf.mybatisplusstudy.sys.mapper.PersonMapper' mapperInterface. Bean already defined with the same name!
2018-10-27 16:00:24.561  WARN 9980 --- [restartedMain] o.m.s.mapper.ClassPathMapperScanner      : Skipping MapperFactoryBean with name 'studentMapper' and 'com.lyf.mybatisplusstudy.sys.mapper.StudentMapper' mapperInterface. Bean already defined with the same name!
2018-10-27 16:00:24.561  WARN 9980 --- [restartedMain] o.m.s.mapper.ClassPathMapperScanner      : Skipping MapperFactoryBean with name 'TUserMapper' and 'com.lyf.mybatisplusstudy.sys.mapper.TUserMapper' mapperInterface. Bean already defined with the same name!
2018-10-27 16:00:24.561  WARN 9980 --- [restartedMain] o.m.s.mapper.ClassPathMapperScanner      : Skipping MapperFactoryBean with name 'userMapper' and 'com.lyf.mybatisplusstudy.sys.mapper.UserMapper' mapperInterface. Bean already defined with the same name!
2018-10-27 16:00:24.561  WARN 9980 --- [restartedMain] o.m.s.mapper.ClassPathMapperScanner      : No MyBatis mapper was found in '[com.lyf.mybatisplusstudy.sys.mapper]' package. Please check your configuration.
2018-10-27 16:00:26.056  INFO 9980 --- [restartedMain] o.s.b.w.embedded.tomcat.TomcatWebServer  : Tomcat initialized with port(s): 8080 (http)
2018-10-27 16:00:26.086  INFO 9980 --- [restartedMain] o.apache.catalina.core.StandardService   : Starting service [Tomcat]
2018-10-27 16:00:26.087  INFO 9980 --- [restartedMain] org.apache.catalina.core.StandardEngine  : Starting Servlet Engine: Apache Tomcat/8.5.34
2018-10-27 16:00:26.092  INFO 9980 --- [localhost-startStop-1] o.a.catalina.core.AprLifecycleListener   : The APR based Apache Tomcat Native library which allows optimal performance in production environments was not found on the java.library.path: [G:\studaytools\Java\jdk\bin;C:\WINDOWS\Sun\Java\bin;C:\WINDOWS\system32;C:\WINDOWS;C:\ProgramData\Oracle\Java\javapath;C:\Program Files (x86)\Intel\iCLS Client\;C:\Program Files\Intel\iCLS Client\;C:\Windows\system32;C:\Windows;C:\Windows\System32\Wbem;C:\Windows\System32\WindowsPowerShell\v1.0\;C:\Program Files (x86)\NVIDIA Corporation\PhysX\Common;C:\Program Files (x86)\Intel\Intel(R) Management Engine Components\DAL;C:\Program Files\Intel\Intel(R) Management Engine Components\DAL;C:\Program Files (x86)\Intel\Intel(R) Management Engine Components\IPT;C:\Program Files\Intel\Intel(R) Management Engine Components\IPT;G:\studaytools\java7\jdk\bin;G:\studaytools\java7\jre\bin;C:\Program Files\Common Files\Intel\WirelessCommon\;C:\WINDOWS\system32;C:\WINDOWS;C:\WINDOWS\System32\Wbem;C:\WINDOWS\System32\WindowsPowerShell\v1.0\;G:\svn\bin;G:\git\gitgui\bin;C:\Users\xiaolin\.gradle\wrapper\dists\gradle-3.3-all\55gk2rcmfc6p2dg9u9ohc3hw9\gradle-3.3\bin;C:\Users\xiaolin\AppData\Local\Android\Sdk\platform-tools\;G:\studaytools\nodejs\;G:\mysql\bin;G:\studaytools\nodejs\node_global;C:\Program Files\Intel\WiFi\bin\;G:\studaytools\Python27;G:\studaytools\JAVATOOL\mysql\bin;G:\studaytools\JAVATOOL\mysql\workspeace\bin;G:\studaytools\apache-maven-3.5.2\bin;G:\studaytools\groovy\groovy-2.4.13\bin;C:\ProgramData\chocolatey\bin;C:\WINDOWS\System32\OpenSSH\;G:\Redis\;C:\WINDOWS\system32\config\systemprofile\.dnx\bin;C:\Program Files\Microsoft DNX\Dnvm\;C:\Program Files\Microsoft SQL Server\130\Tools\Binn\;C:\Program Files (x86)\Windows Kits\8.1\Windows Performance Toolkit\;G:\studaytools\Clion\MinGW\bin;G:\flutter\flutter\bin;G:\git\Git\bin;C:\Program Files\Intel\WiFi\bin\;C:\Program Files\Common Files\Intel\WirelessCommon\;C:\Users\xiaolin\AppData\Local\Microsoft\WindowsApps;;C:\Users\xiaolin\AppData\Local\Programs\Fiddler;C:\Users\xiaolin\AppData\Roaming\npm;C:\Users\xiaolin\AppData\Local\Microsoft\WindowsApps;C:\Program Files\Intel\WiFi\bin\;C:\Program Files\Common Files\Intel\WirelessCommon\;.]
2018-10-27 16:00:26.412  INFO 9980 --- [localhost-startStop-1] o.a.c.c.C.[Tomcat].[localhost].[/]       : Initializing Spring embedded WebApplicationContext
2018-10-27 16:00:26.413  INFO 9980 --- [localhost-startStop-1] o.s.web.context.ContextLoader            : Root WebApplicationContext: initialization completed in 2955 ms
2018-10-27 16:00:26.512  INFO 9980 --- [localhost-startStop-1] o.s.b.w.servlet.ServletRegistrationBean  : Servlet dispatcherServlet mapped to [/]
2018-10-27 16:00:26.513  INFO 9980 --- [localhost-startStop-1] o.s.b.w.servlet.ServletRegistrationBean  : Servlet statViewServlet mapped to [/druid/*]
2018-10-27 16:00:26.516  INFO 9980 --- [localhost-startStop-1] o.s.b.w.servlet.FilterRegistrationBean   : Mapping filter: 'characterEncodingFilter' to: [/*]
2018-10-27 16:00:26.516  INFO 9980 --- [localhost-startStop-1] o.s.b.w.servlet.FilterRegistrationBean   : Mapping filter: 'hiddenHttpMethodFilter' to: [/*]
2018-10-27 16:00:26.516  INFO 9980 --- [localhost-startStop-1] o.s.b.w.servlet.FilterRegistrationBean   : Mapping filter: 'httpPutFormContentFilter' to: [/*]
2018-10-27 16:00:26.516  INFO 9980 --- [localhost-startStop-1] o.s.b.w.servlet.FilterRegistrationBean   : Mapping filter: 'requestContextFilter' to: [/*]
2018-10-27 16:00:26.516  INFO 9980 --- [localhost-startStop-1] o.s.b.w.servlet.FilterRegistrationBean   : Mapping filter: 'webStatFilter' to urls: [/*]
2018-10-27 16:00:26.638  INFO 9980 --- [restartedMain] c.a.d.s.b.a.DruidDataSourceAutoConfigure : Init DruidDataSource
2018-10-27 16:00:26.831  INFO 9980 --- [restartedMain] com.alibaba.druid.pool.DruidDataSource   : {dataSource-1} inited
2018-10-27 16:00:28.308  WARN 9980 --- [restartedMain] c.b.m.core.toolkit.TableInfoHelper       : Warn: Could not find @TableId in Class: com.lyf.mybatisplusstudy.sys.entity.Student.
2018-10-27 16:00:28.626  INFO 9980 --- [restartedMain] o.s.w.s.handler.SimpleUrlHandlerMapping  : Mapped URL path [/**/favicon.ico] onto handler of type [class org.springframework.web.servlet.resource.ResourceHttpRequestHandler]
2018-10-27 16:00:28.932  INFO 9980 --- [restartedMain] s.w.s.m.m.a.RequestMappingHandlerAdapter : Looking for @ControllerAdvice: org.springframework.boot.web.servlet.context.AnnotationConfigServletWebServerApplicationContext@1a848868: startup date [Sat Oct 27 16:00:23 CST 2018]; root of context hierarchy
2018-10-27 16:00:28.938  INFO 9980 --- [restartedMain] s.w.s.m.m.a.RequestMappingHandlerAdapter : Detected @InitBinder methods in exceptionHandlerAdvice
2018-10-27 16:00:28.938  INFO 9980 --- [restartedMain] s.w.s.m.m.a.RequestMappingHandlerAdapter : Detected ResponseBodyAdvice bean in exceptionHandlerAdvice
2018-10-27 16:00:28.939  INFO 9980 --- [restartedMain] s.w.s.m.m.a.RequestMappingHandlerAdapter : Detected RequestBodyAdvice bean in logRequestBodyAdvice
2018-10-27 16:00:28.939  INFO 9980 --- [restartedMain] s.w.s.m.m.a.RequestMappingHandlerAdapter : Detected ResponseBodyAdvice bean in logResponseBodyAdvice
2018-10-27 16:00:28.990  INFO 9980 --- [restartedMain] s.w.s.m.m.a.RequestMappingHandlerMapping : Mapped "{[/sys/orders/findOrdersAndOrderDetailResultMap],methods=[POST]}" onto public com.lyf.mybatisplusstudy.utils.Result com.lyf.mybatisplusstudy.sys.controller.OrdersController.findOrdersAndOrderDetailResultMap()
2018-10-27 16:00:28.991  INFO 9980 --- [restartedMain] s.w.s.m.m.a.RequestMappingHandlerMapping : Mapped "{[/sys/orders/findOrdersUserResultMap],methods=[POST]}" onto public com.lyf.mybatisplusstudy.utils.Result com.lyf.mybatisplusstudy.sys.controller.OrdersController.findOrdersUserResultMap()
2018-10-27 16:00:28.991  INFO 9980 --- [restartedMain] s.w.s.m.m.a.RequestMappingHandlerMapping : Mapped "{[/sys/orders/findUserAndItemsResultMap],methods=[POST]}" onto public com.lyf.mybatisplusstudy.utils.Result com.lyf.mybatisplusstudy.sys.controller.OrdersController.findUserAndItemsResultMap()
2018-10-27 16:00:28.991  INFO 9980 --- [restartedMain] s.w.s.m.m.a.RequestMappingHandlerMapping : Mapped "{[/sys/orders/findOrdersUser],methods=[POST]}" onto public com.lyf.mybatisplusstudy.utils.Result com.lyf.mybatisplusstudy.sys.controller.OrdersController.findOrdersUser()
2018-10-27 16:00:28.995  INFO 9980 --- [restartedMain] s.w.s.m.m.a.RequestMappingHandlerMapping : Mapped "{[/sys/person/update],methods=[POST]}" onto public void com.lyf.mybatisplusstudy.sys.controller.PersonController.update()
2018-10-27 16:00:28.995  INFO 9980 --- [restartedMain] s.w.s.m.m.a.RequestMappingHandlerMapping : Mapped "{[/sys/person/delete],methods=[POST]}" onto public void com.lyf.mybatisplusstudy.sys.controller.PersonController.delete()
2018-10-27 16:00:28.996  INFO 9980 --- [restartedMain] s.w.s.m.m.a.RequestMappingHandlerMapping : Mapped "{[/sys/person/insert],methods=[POST]}" onto public void com.lyf.mybatisplusstudy.sys.controller.PersonController.insert(com.lyf.mybatisplusstudy.sys.entity.Person)
2018-10-27 16:00:28.997  INFO 9980 --- [restartedMain] s.w.s.m.m.a.RequestMappingHandlerMapping : Mapped "{[/sys/person/selectpage],methods=[POST]}" onto public java.util.List<com.lyf.mybatisplusstudy.sys.entity.Person> com.lyf.mybatisplusstudy.sys.controller.PersonController.select(int,int)
2018-10-27 16:00:28.997  INFO 9980 --- [restartedMain] s.w.s.m.m.a.RequestMappingHandlerMapping : Mapped "{[/sys/person/select],methods=[POST]}" onto public com.lyf.mybatisplusstudy.utils.Result com.lyf.mybatisplusstudy.sys.controller.PersonController.select()
2018-10-27 16:00:28.998  INFO 9980 --- [restartedMain] s.w.s.m.m.a.RequestMappingHandlerMapping : Mapped "{[/sys/user/select],methods=[POST]}" onto public java.util.List<com.lyf.mybatisplusstudy.sys.entity.User> com.lyf.mybatisplusstudy.sys.controller.UserController.select(java.lang.String)
2018-10-27 16:00:28.999  INFO 9980 --- [restartedMain] s.w.s.m.m.a.RequestMappingHandlerMapping : Mapped "{[/sys/user/update],methods=[POST]}" onto public void com.lyf.mybatisplusstudy.sys.controller.UserController.updateUserInfo(com.lyf.mybatisplusstudy.sys.entity.User)
2018-10-27 16:00:28.999  INFO 9980 --- [restartedMain] s.w.s.m.m.a.RequestMappingHandlerMapping : Mapped "{[/sys/user/selectOne],methods=[POST]}" onto public com.lyf.mybatisplusstudy.sys.entity.User com.lyf.mybatisplusstudy.sys.controller.UserController.selectOne(int)
2018-10-27 16:00:28.999  INFO 9980 --- [restartedMain] s.w.s.m.m.a.RequestMappingHandlerMapping : Mapped "{[/sys/user/insert],methods=[POST]}" onto public void com.lyf.mybatisplusstudy.sys.controller.UserController.insertUserInfo(com.lyf.mybatisplusstudy.sys.entity.User)
2018-10-27 16:00:28.999  INFO 9980 --- [restartedMain] s.w.s.m.m.a.RequestMappingHandlerMapping : Mapped "{[/sys/user/delete],methods=[POST]}" onto public void com.lyf.mybatisplusstudy.sys.controller.UserController.deleteUserInfo(long)
2018-10-27 16:00:29.004  INFO 9980 --- [restartedMain] s.w.s.m.m.a.RequestMappingHandlerMapping : Mapped "{[/error]}" onto public org.springframework.http.ResponseEntity<java.util.Map<java.lang.String, java.lang.Object>> org.springframework.boot.autoconfigure.web.servlet.error.BasicErrorController.error(javax.servlet.http.HttpServletRequest)
2018-10-27 16:00:29.005  INFO 9980 --- [restartedMain] s.w.s.m.m.a.RequestMappingHandlerMapping : Mapped "{[/error],produces=[text/html]}" onto public org.springframework.web.servlet.ModelAndView org.springframework.boot.autoconfigure.web.servlet.error.BasicErrorController.errorHtml(javax.servlet.http.HttpServletRequest,javax.servlet.http.HttpServletResponse)
2018-10-27 16:00:29.031  INFO 9980 --- [restartedMain] o.s.w.s.handler.SimpleUrlHandlerMapping  : Mapped URL path [/webjars/**] onto handler of type [class org.springframework.web.servlet.resource.ResourceHttpRequestHandler]
2018-10-27 16:00:29.031  INFO 9980 --- [restartedMain] o.s.w.s.handler.SimpleUrlHandlerMapping  : Mapped URL path [/**] onto handler of type [class org.springframework.web.servlet.resource.ResourceHttpRequestHandler]
2018-10-27 16:00:29.045  INFO 9980 --- [restartedMain] .m.m.a.ExceptionHandlerExceptionResolver : Detected @ExceptionHandler methods in exceptionHandlerAdvice
2018-10-27 16:00:29.045  INFO 9980 --- [restartedMain] .m.m.a.ExceptionHandlerExceptionResolver : Detected ResponseBodyAdvice implementation in exceptionHandlerAdvice
2018-10-27 16:00:29.045  INFO 9980 --- [restartedMain] .m.m.a.ExceptionHandlerExceptionResolver : Detected ResponseBodyAdvice implementation in logResponseBodyAdvice
2018-10-27 16:00:29.183  INFO 9980 --- [restartedMain] o.s.ui.freemarker.SpringTemplateLoader   : SpringTemplateLoader for FreeMarker: using resource loader [org.springframework.boot.web.servlet.context.AnnotationConfigServletWebServerApplicationContext@1a848868: startup date [Sat Oct 27 16:00:23 CST 2018]; root of context hierarchy] and template loader path [classpath:/templates/]
2018-10-27 16:00:29.186  INFO 9980 --- [restartedMain] o.s.w.s.v.f.FreeMarkerConfigurer         : ClassTemplateLoader for Spring macros added to FreeMarker configuration
2018-10-27 16:00:29.374  INFO 9980 --- [restartedMain] o.s.b.d.a.OptionalLiveReloadServer       : LiveReload server is running on port 35729
2018-10-27 16:00:29.463  INFO 9980 --- [restartedMain] o.s.j.e.a.AnnotationMBeanExporter        : Registering beans for JMX exposure on startup
2018-10-27 16:00:29.465  INFO 9980 --- [restartedMain] o.s.j.e.a.AnnotationMBeanExporter        : Bean with name 'statFilter' has been autodetected for JMX exposure
2018-10-27 16:00:29.465  INFO 9980 --- [restartedMain] o.s.j.e.a.AnnotationMBeanExporter        : Bean with name 'dataSource' has been autodetected for JMX exposure
2018-10-27 16:00:29.473  INFO 9980 --- [restartedMain] o.s.j.e.a.AnnotationMBeanExporter        : Located MBean 'dataSource': registering with JMX server as MBean [com.alibaba.druid.spring.boot.autoconfigure:name=dataSource,type=DruidDataSourceWrapper]
2018-10-27 16:00:29.474  INFO 9980 --- [restartedMain] o.s.j.e.a.AnnotationMBeanExporter        : Located MBean 'statFilter': registering with JMX server as MBean [com.alibaba.druid.filter.stat:name=statFilter,type=StatFilter]
2018-10-27 16:00:29.537  INFO 9980 --- [restartedMain] o.s.b.w.embedded.tomcat.TomcatWebServer  : Tomcat started on port(s): 8080 (http) with context path ''
2018-10-27 16:00:29.541  INFO 9980 --- [restartedMain] c.l.m.MybatisplusstudyApplication        : Started MybatisplusstudyApplication in 6.646 seconds (JVM running for 8.07)
2018-10-27 16:00:36.985  INFO 9980 --- [http-nio-8080-exec-1] o.a.c.c.C.[Tomcat].[localhost].[/]       : Initializing Spring FrameworkServlet 'dispatcherServlet'
2018-10-27 16:00:36.986  INFO 9980 --- [http-nio-8080-exec-1] o.s.web.servlet.DispatcherServlet        : FrameworkServlet 'dispatcherServlet': initialization started
2018-10-27 16:00:37.009  INFO 9980 --- [http-nio-8080-exec-1] o.s.web.servlet.DispatcherServlet        : FrameworkServlet 'dispatcherServlet': initialization completed in 23 ms
